============================================================
  Generated by:           Genus(TM) Synthesis Solution 21.17-s066_1
  Generated on:           May 22 2023  09:12:44 pm
  Module:                 model_baseline
  Technology libraries:   scadv10_cln65gp_lvt_ff_1p1v_m40c 1.0
                          physical_cells 
  Operating conditions:   scadv10_cln65gp_lvt_ff_1p1v_m40c 
  Interconnect mode:      global
  Area mode:              physical library
============================================================

                                         
      Gate        Instances     Area                   Library               
-----------------------------------------------------------------------------
A2DFFQX1MA10TL        12577   110677.600    scadv10_cln65gp_lvt_ff_1p1v_m40c 
A2DFFQX2MA10TL          287     2640.400    scadv10_cln65gp_lvt_ff_1p1v_m40c 
ADDFX1MA10TL         132795  1115478.000    scadv10_cln65gp_lvt_ff_1p1v_m40c 
ADDHX1MA10TL          34169   177678.800    scadv10_cln65gp_lvt_ff_1p1v_m40c 
AND2X1MA10TL           3074     7377.600    scadv10_cln65gp_lvt_ff_1p1v_m40c 
AND3X1MA10TL             55      154.000    scadv10_cln65gp_lvt_ff_1p1v_m40c 
AO1B2X1MA10TL           667     1867.600    scadv10_cln65gp_lvt_ff_1p1v_m40c 
AO1B2X2MA10TL           290     1160.000    scadv10_cln65gp_lvt_ff_1p1v_m40c 
AO21BX1MA10TL            13       36.400    scadv10_cln65gp_lvt_ff_1p1v_m40c 
AO21BX2MA10TL            47      188.000    scadv10_cln65gp_lvt_ff_1p1v_m40c 
AO21X1MA10TL            784     2508.800    scadv10_cln65gp_lvt_ff_1p1v_m40c 
AO22X1MA10TL           2491     9964.000    scadv10_cln65gp_lvt_ff_1p1v_m40c 
AOI21BX1MA10TL         3836    12275.200    scadv10_cln65gp_lvt_ff_1p1v_m40c 
AOI21X1MA10TL          7124    17097.600    scadv10_cln65gp_lvt_ff_1p1v_m40c 
AOI22X1MA10TL          6966    19504.800    scadv10_cln65gp_lvt_ff_1p1v_m40c 
AOI2XB1X1MA10TL        3196    10227.200    scadv10_cln65gp_lvt_ff_1p1v_m40c 
BUFHX1MA10TL            419      670.400    scadv10_cln65gp_lvt_ff_1p1v_m40c 
BUFHX1P4MA10TL          573     1375.200    scadv10_cln65gp_lvt_ff_1p1v_m40c 
BUFHX1P7MA10TL          286      686.400    scadv10_cln65gp_lvt_ff_1p1v_m40c 
BUFHX2MA10TL             95      266.000    scadv10_cln65gp_lvt_ff_1p1v_m40c 
BUFHX3MA10TL             88      281.600    scadv10_cln65gp_lvt_ff_1p1v_m40c 
BUFHX4MA10TL            113      497.200    scadv10_cln65gp_lvt_ff_1p1v_m40c 
BUFHX5MA10TL            689     3307.200    scadv10_cln65gp_lvt_ff_1p1v_m40c 
BUFHX6MA10TL             36      216.000    scadv10_cln65gp_lvt_ff_1p1v_m40c 
BUFHX7P5MA10TL          390     2964.000    scadv10_cln65gp_lvt_ff_1p1v_m40c 
BUFX1MA10TL            1712     2739.200    scadv10_cln65gp_lvt_ff_1p1v_m40c 
BUFX3MA10TL            1910     5348.000    scadv10_cln65gp_lvt_ff_1p1v_m40c 
BUFX4MA10TL            1014     4056.000    scadv10_cln65gp_lvt_ff_1p1v_m40c 
BUFX6MA10TL              46      220.800    scadv10_cln65gp_lvt_ff_1p1v_m40c 
INVX0P5BA10TL          5186     6223.200    scadv10_cln65gp_lvt_ff_1p1v_m40c 
INVX0P8MA10TL             3        3.600    scadv10_cln65gp_lvt_ff_1p1v_m40c 
INVX1MA10TL           46057    55268.400    scadv10_cln65gp_lvt_ff_1p1v_m40c 
INVX1P7MA10TL            25       40.000    scadv10_cln65gp_lvt_ff_1p1v_m40c 
INVX2MA10TL            2094     3350.400    scadv10_cln65gp_lvt_ff_1p1v_m40c 
INVX3MA10TL              10       24.000    scadv10_cln65gp_lvt_ff_1p1v_m40c 
INVX3P5BA10TL             6       16.800    scadv10_cln65gp_lvt_ff_1p1v_m40c 
INVX4BA10TL               9       25.200    scadv10_cln65gp_lvt_ff_1p1v_m40c 
INVX4MA10TL              12       33.600    scadv10_cln65gp_lvt_ff_1p1v_m40c 
INVX5MA10TL               3        9.600    scadv10_cln65gp_lvt_ff_1p1v_m40c 
INVX6MA10TL              12       48.000    scadv10_cln65gp_lvt_ff_1p1v_m40c 
INVX7P5MA10TL            25      120.000    scadv10_cln65gp_lvt_ff_1p1v_m40c 
INVX9MA10TL              54      280.800    scadv10_cln65gp_lvt_ff_1p1v_m40c 
MX2X1P4MA10TL           214     1626.400    scadv10_cln65gp_lvt_ff_1p1v_m40c 
MXT2X1MA10TL          12578    55343.200    scadv10_cln65gp_lvt_ff_1p1v_m40c 
MXT2X2MA10TL             72      374.400    scadv10_cln65gp_lvt_ff_1p1v_m40c 
NAND2BX1MA10TL          148      355.200    scadv10_cln65gp_lvt_ff_1p1v_m40c 
NAND2X0P7BA10TL           1        1.600    scadv10_cln65gp_lvt_ff_1p1v_m40c 
NAND2X1AA10TL          8245    13192.000    scadv10_cln65gp_lvt_ff_1p1v_m40c 
NAND2X1BA10TL          4065     6504.000    scadv10_cln65gp_lvt_ff_1p1v_m40c 
NAND2X1MA10TL          4833     7732.800    scadv10_cln65gp_lvt_ff_1p1v_m40c 
NAND2X1P4MA10TL           3        8.400    scadv10_cln65gp_lvt_ff_1p1v_m40c 
NAND2XBX1MA10TL        1482     3556.800    scadv10_cln65gp_lvt_ff_1p1v_m40c 
NOR2BX1MA10TL           609     1461.600    scadv10_cln65gp_lvt_ff_1p1v_m40c 
NOR2X1AA10TL           1053     1684.800    scadv10_cln65gp_lvt_ff_1p1v_m40c 
NOR2X1MA10TL          18070    28912.000    scadv10_cln65gp_lvt_ff_1p1v_m40c 
NOR2XBX1MA10TL         2239     5373.600    scadv10_cln65gp_lvt_ff_1p1v_m40c 
NOR3X1MA10TL             16       38.400    scadv10_cln65gp_lvt_ff_1p1v_m40c 
OA21X1MA10TL            350     1120.000    scadv10_cln65gp_lvt_ff_1p1v_m40c 
OA22X1MA10TL             75      300.000    scadv10_cln65gp_lvt_ff_1p1v_m40c 
OAI21BX0P7MA10TL         33      105.600    scadv10_cln65gp_lvt_ff_1p1v_m40c 
OAI21BX1MA10TL         2582     8262.400    scadv10_cln65gp_lvt_ff_1p1v_m40c 
OAI21X1MA10TL          4630    11112.000    scadv10_cln65gp_lvt_ff_1p1v_m40c 
OAI21X2MA10TL           325     1300.000    scadv10_cln65gp_lvt_ff_1p1v_m40c 
OAI21X3MA10TL            10       52.000    scadv10_cln65gp_lvt_ff_1p1v_m40c 
OAI22X1MA10TL         89390   250292.000    scadv10_cln65gp_lvt_ff_1p1v_m40c 
OAI2XB1X1MA10TL        1907     6102.400    scadv10_cln65gp_lvt_ff_1p1v_m40c 
OR2X1MA10TL             509     1221.600    scadv10_cln65gp_lvt_ff_1p1v_m40c 
OR2X2MA10TL             864     3456.000    scadv10_cln65gp_lvt_ff_1p1v_m40c 
OR6X1MA10TL             160      832.000    scadv10_cln65gp_lvt_ff_1p1v_m40c 
XNOR2X1MA10TL         82887   331548.000    scadv10_cln65gp_lvt_ff_1p1v_m40c 
XNOR2X1P4MA10TL           7       44.800    scadv10_cln65gp_lvt_ff_1p1v_m40c 
XNOR2X2MA10TL            19      136.800    scadv10_cln65gp_lvt_ff_1p1v_m40c 
XNOR2X3MA10TL            41      328.000    scadv10_cln65gp_lvt_ff_1p1v_m40c 
XNOR3X1MA10TL            31      235.600    scadv10_cln65gp_lvt_ff_1p1v_m40c 
XOR2X0P5MA10TL           33      132.000    scadv10_cln65gp_lvt_ff_1p1v_m40c 
XOR2X0P7MA10TL           46      184.000    scadv10_cln65gp_lvt_ff_1p1v_m40c 
XOR2X1MA10TL          32331   129324.000    scadv10_cln65gp_lvt_ff_1p1v_m40c 
XOR3X1MA10TL             50      380.000    scadv10_cln65gp_lvt_ff_1p1v_m40c 
-----------------------------------------------------------------------------
total                539146  2449542.000                                     


                                            
     Type      Instances     Area    Area % 
--------------------------------------------
sequential         12864  113318.000    4.6 
inverter           53496   65443.600    2.7 
buffer              7371   22628.000    0.9 
logic             465415 2248152.400   91.8 
physical_cells         0       0.000    0.0 
--------------------------------------------
total             539146 2449542.000  100.0 

