###############################################################
#  Generated by:      Cadence Innovus 21.10-p004_1
#  OS:                Linux x86_64(Host ID ieng6-ece-01.ucsd.edu)
#  Generated on:      Sun May 21 13:08:48 2023
#  Design:            model
#  Command:           report_timing -max_paths 5 > ../reports/${design}.post_route.timing.rpt
###############################################################
Path 1: MET Setup Check with Pin y_reg_15__4_/CK 
Endpoint:   y_reg_15__4_/D (v) checked with  leading edge of 'clk'
Beginpoint: x[221]         (v) triggered by  leading edge of 'clk'
Path Groups: {clk}
Analysis View: WC_VIEW
Other End Arrival Time          0.497
- Setup                         0.120
+ Phase Shift                  25.000
= Required Time                25.377
- Arrival Time                 23.212
= Slack Time                    2.164
     Clock Rise Edge                      0.000
     + Input Delay                        5.000
     = Beginpoint Arrival Time            5.000
     +-------------------------------------------------------------------------------------------------------+ 
     |                Instance                |     Arc      |       Cell       | Delay | Arrival | Required | 
     |                                        |              |                  |       |  Time   |   Time   | 
     |----------------------------------------+--------------+------------------+-------+---------+----------| 
     |                                        | x[221] v     |                  |       |   5.000 |    7.164 | 
     | CONV2/FE_OFC927_x_221                  | A v -> Y v   | BUFX3MA10TL      | 0.407 |   5.407 |    7.572 | 
     | CONV2/FE_DBTC426_x_221                 | A v -> Y ^   | INVX0P5MA10TL    | 0.730 |   6.137 |    8.301 | 
     | CONV2/FE_OFC3506_FE_DBTN426_x_221      | A ^ -> Y ^   | BUFHX1P7MA10TL   | 0.432 |   6.569 |    8.734 | 
     | CONV2/FE_OFC3508_FE_DBTN426_x_221      | A ^ -> Y v   | INVX0P6BA10TL    | 0.195 |   6.764 |    8.928 | 
     | CONV2/FE_OFC3509_FE_DBTN426_x_221      | A v -> Y ^   | INVX4BA10TL      | 0.273 |   7.037 |    9.201 | 
     | CONV2/U52984                           | B0 ^ -> Y v  | AOI22X0P5MA10TL  | 0.395 |   7.432 |    9.597 | 
     | CONV2/U52985                           | B0 v -> Y ^  | AOI22X0P5MA10TL  | 0.175 |   7.608 |    9.772 | 
     | CONV2/U53033                           | CI ^ -> S v  | ADDFX1MA10TL     | 0.169 |   7.776 |    9.941 | 
     | CONV2/U53034                           | A v -> CO v  | ADDFX1MA10TL     | 0.100 |   7.876 |   10.041 | 
     | CONV2/U86602                           | B v -> S ^   | ADDFX1MA10TL     | 0.130 |   8.006 |   10.171 | 
     | CONV2/U53035                           | A ^ -> Y v   | INVX0P5MA10TL    | 0.037 |   8.043 |   10.208 | 
     | CONV2/intadd_714_U4                    | A v -> S ^   | ADDFX1MA10TL     | 0.132 |   8.176 |   10.340 | 
     | CONV2/U53016                           | A ^ -> Y v   | INVX0P5MA10TL    | 0.038 |   8.214 |   10.379 | 
     | CONV2/intadd_2871_U2                   | B v -> CO v  | ADDFX1MA10TL     | 0.083 |   8.297 |   10.461 | 
     | CONV2/U52999                           | A v -> Y ^   | INVX0P5MA10TL    | 0.056 |   8.353 |   10.518 | 
     | CONV2/intadd_37_U15                    | A ^ -> S v   | ADDFX1MA10TL     | 0.139 |   8.492 |   10.656 | 
     | CONV2/U52929                           | A v -> Y ^   | INVX0P5MA10TL    | 0.057 |   8.549 |   10.714 | 
     | CONV2/intadd_1767_U2                   | B ^ -> CO ^  | ADDFX1MA10TL     | 0.078 |   8.628 |   10.792 | 
     | CONV2/U52922                           | A ^ -> Y v   | INVX0P5MA10TL    | 0.036 |   8.664 |   10.828 | 
     | CONV2/intadd_37_U14                    | A v -> CO v  | ADDFX1MA10TL     | 0.111 |   8.775 |   10.940 | 
     | CONV2/intadd_37_U13                    | CI v -> CO v | ADDFX1MA10TL     | 0.092 |   8.867 |   11.031 | 
     | CONV2/intadd_37_U12                    | CI v -> CO v | ADDFX1MA10TL     | 0.098 |   8.965 |   11.129 | 
     | CONV2/intadd_37_U11                    | CI v -> CO v | ADDFX1MA10TL     | 0.101 |   9.065 |   11.230 | 
     | CONV2/intadd_37_U10                    | CI v -> CO v | ADDFX1MA10TL     | 0.096 |   9.161 |   11.325 | 
     | CONV2/intadd_37_U9                     | CI v -> CO v | ADDFX1MA10TL     | 0.093 |   9.254 |   11.418 | 
     | CONV2/intadd_37_U8                     | CI v -> CO v | ADDFX1MA10TL     | 0.096 |   9.350 |   11.514 | 
     | CONV2/intadd_37_U7                     | CI v -> CO v | ADDFX1MA10TL     | 0.099 |   9.449 |   11.613 | 
     | CONV2/intadd_37_U6                     | CI v -> CO v | ADDFX1MA10TL     | 0.090 |   9.539 |   11.704 | 
     | CONV2/intadd_37_U5                     | CI v -> CO v | ADDFX1MA10TL     | 0.089 |   9.628 |   11.793 | 
     | CONV2/intadd_37_U4                     | CI v -> CO v | ADDFX1MA10TL     | 0.085 |   9.714 |   11.878 | 
     | CONV2/intadd_37_U3                     | CI v -> CO v | ADDFX1MA10TL     | 0.084 |   9.797 |   11.962 | 
     | CONV2/intadd_37_U2                     | CI v -> CO v | ADDFX1MA10TL     | 0.233 |  10.031 |   12.195 | 
     | ACT3/U2870                             | D v -> Y ^   | NAND4X0P5MA10TL  | 0.200 |  10.231 |   12.395 | 
     | ACT3/U2872                             | A ^ -> Y v   | NOR2X0P5AA10TL   | 0.061 |  10.291 |   12.456 | 
     | ACT3/U2873                             | A v -> Y ^   | NAND2X0P5AA10TL  | 0.077 |  10.368 |   12.533 | 
     | ACT3/U2874                             | A ^ -> Y v   | NOR2XBX0P5MA10TL | 0.073 |  10.442 |   12.606 | 
     | ACT3/U2875                             | A v -> Y ^   | NAND2X0P5AA10TL  | 0.085 |  10.527 |   12.691 | 
     | ACT3/U2876                             | A ^ -> Y v   | NOR2XBX0P5MA10TL | 0.103 |  10.630 |   12.794 | 
     | ACT3/U2877                             | A v -> Y ^   | NAND2X0P5AA10TL  | 0.146 |  10.776 |   12.940 | 
     | ACT3/U2878                             | A ^ -> Y v   | NOR2XBX0P5MA10TL | 0.116 |  10.892 |   13.056 | 
     | ACT3/U2879                             | A v -> Y ^   | NAND2X0P5AA10TL  | 0.118 |  11.010 |   13.174 | 
     | ACT3/U2880                             | A ^ -> Y v   | NOR2XBX0P5MA10TL | 0.104 |  11.114 |   13.279 | 
     | ACT3/U2883                             | A0 v -> Y ^  | AOI22X1MA10TL    | 0.377 |  11.491 |   13.655 | 
     | ACT3/U19                               | A1 ^ -> Y v  | AOI32X1MA10TL    | 0.108 |  11.599 |   13.763 | 
     | DENSE5/FE_OFC6450_act3_y_553           | A v -> Y ^   | INVX1MA10TL      | 0.312 |  11.910 |   14.075 | 
     | DENSE5/FE_OFC6451_act3_y_553           | A ^ -> Y v   | INVX3BA10TL      | 0.389 |  12.299 |   14.464 | 
     | DENSE5/FE_OFC6452_act3_y_553           | A v -> Y ^   | INVX1MA10TL      | 0.710 |  13.010 |   15.174 | 
     | DENSE5/FE_OFC6454_act3_y_553           | A ^ -> Y v   | INVX3BA10TL      | 0.332 |  13.342 |   15.506 | 
     | DENSE5/U8467                           | A v -> Y ^   | INVX0P5MA10TL    | 0.778 |  14.120 |   16.284 | 
     | DENSE5/FE_OFC11649_n45149              | A ^ -> Y ^   | BUFX1MA10TL      | 0.471 |  14.590 |   16.755 | 
     | DENSE5/FE_OFC11651_n45149              | A ^ -> Y v   | INVX1MA10TL      | 0.329 |  14.919 |   17.083 | 
     | DENSE5/FE_OFC11652_n45149              | A v -> Y ^   | INVX4BA10TL      | 0.239 |  15.158 |   17.322 | 
     | DENSE5/FE_OFC11653_n45149              | A ^ -> Y ^   | BUFX1MA10TL      | 0.851 |  16.009 |   18.174 | 
     | DENSE5/U47958                          | A1 ^ -> Y v  | AOI22X0P5MA10TL  | 0.166 |  16.175 |   18.340 | 
     | DENSE5/U47960                          | A1 v -> Y ^  | OAI22X0P5MA10TL  | 0.159 |  16.334 |   18.499 | 
     | DENSE5/U47964                          | A ^ -> Y v   | NAND2X0P5AA10TL  | 0.116 |  16.450 |   18.614 | 
     | DENSE5/U47965                          | B0 v -> Y ^  | OAI21X0P5MA10TL  | 0.104 |  16.553 |   18.718 | 
     | DENSE5/intadd_4217_U16                 | CI ^ -> CO ^ | ADDFX1MA10TL     | 0.105 |  16.659 |   18.823 | 
     | DENSE5/intadd_4217_U15                 | CI ^ -> CO ^ | ADDFX1MA10TL     | 0.084 |  16.742 |   18.907 | 
     | DENSE5/intadd_4217_U14                 | CI ^ -> S v  | ADDFX1MA10TL     | 0.122 |  16.864 |   19.029 | 
     | DENSE5/U46649                          | A v -> Y ^   | INVX0P5MA10TL    | 0.270 |  17.134 |   19.298 | 
     | DENSE5/genblk1_15__ADD/U1060           | A ^ -> CO ^  | ADDFX1MA10TL     | 0.255 |  17.389 |   19.553 | 
     | DENSE5/genblk1_15__ADD/intadd_6369_U13 | A ^ -> S v   | ADDFX1MA10TL     | 0.197 |  17.586 |   19.750 | 
     | DENSE5/genblk1_15__ADD/U962            | CI v -> S ^  | ADDFX1MA10TL     | 0.150 |  17.736 |   19.901 | 
     | DENSE5/genblk1_15__ADD/intadd_6396_U6  | A ^ -> S v   | ADDFX1MA10TL     | 0.146 |  17.882 |   20.046 | 
     | DENSE5/genblk1_15__ADD/intadd_6406_U4  | B v -> S v   | ADDFX1MA10TL     | 0.149 |  18.031 |   20.196 | 
     | DENSE5/genblk1_15__ADD/intadd_6395_U4  | B v -> S v   | ADDFX1MA10TL     | 0.148 |  18.180 |   20.344 | 
     | DENSE5/genblk1_15__ADD/intadd_6414_U2  | B v -> S ^   | ADDFX1MA10TL     | 0.147 |  18.327 |   20.492 | 
     | DENSE5/genblk1_15__ADD/intadd_6421_U3  | A ^ -> S v   | ADDFX1MA10TL     | 0.148 |  18.475 |   20.640 | 
     | DENSE5/genblk1_15__ADD/intadd_6422_U2  | A v -> S ^   | ADDFX1MA10TL     | 0.151 |  18.627 |   20.791 | 
     | DENSE5/genblk1_15__ADD/intadd_6363_U19 | B ^ -> CO ^  | ADDFX1MA10TL     | 0.098 |  18.724 |   20.889 | 
     | DENSE5/genblk1_15__ADD/intadd_6363_U18 | CI ^ -> CO ^ | ADDFX1MA10TL     | 0.097 |  18.821 |   20.986 | 
     | DENSE5/genblk1_15__ADD/intadd_6363_U17 | CI ^ -> CO ^ | ADDFX1MA10TL     | 0.094 |  18.915 |   21.079 | 
     | DENSE5/genblk1_15__ADD/intadd_6363_U16 | CI ^ -> CO ^ | ADDFX1MA10TL     | 0.090 |  19.005 |   21.169 | 
     | DENSE5/genblk1_15__ADD/intadd_6363_U15 | CI ^ -> CO ^ | ADDFX1MA10TL     | 0.086 |  19.091 |   21.256 | 
     | DENSE5/genblk1_15__ADD/intadd_6363_U14 | CI ^ -> CO ^ | ADDFX1MA10TL     | 0.092 |  19.183 |   21.348 | 
     | DENSE5/genblk1_15__ADD/intadd_6363_U13 | CI ^ -> CO ^ | ADDFX1MA10TL     | 0.090 |  19.273 |   21.437 | 
     | DENSE5/genblk1_15__ADD/intadd_6363_U12 | CI ^ -> CO ^ | ADDFX1MA10TL     | 0.117 |  19.390 |   21.554 | 
     | DENSE5/genblk1_15__ADD/intadd_6363_U11 | CI ^ -> CO ^ | ADDFX1MA10TL     | 0.098 |  19.488 |   21.652 | 
     | DENSE5/genblk1_15__ADD/intadd_6363_U10 | CI ^ -> CO ^ | ADDFX1MA10TL     | 0.081 |  19.569 |   21.733 | 
     | DENSE5/genblk1_15__ADD/intadd_6363_U9  | CI ^ -> CO ^ | ADDFX1MA10TL     | 0.110 |  19.679 |   21.843 | 
     | DENSE5/genblk1_15__ADD/intadd_6363_U8  | CI ^ -> CO ^ | ADDFX1MA10TL     | 0.091 |  19.770 |   21.934 | 
     | DENSE5/genblk1_15__ADD/intadd_6363_U7  | CI ^ -> CO ^ | ADDFX1MA10TL     | 0.087 |  19.857 |   22.021 | 
     | DENSE5/genblk1_15__ADD/intadd_6363_U6  | CI ^ -> CO ^ | ADDFX1MA10TL     | 0.084 |  19.941 |   22.105 | 
     | DENSE5/genblk1_15__ADD/intadd_6363_U5  | CI ^ -> CO ^ | ADDFX1MA10TL     | 0.080 |  20.021 |   22.186 | 
     | DENSE5/genblk1_15__ADD/intadd_6363_U4  | CI ^ -> CO ^ | ADDFX1MA10TL     | 0.085 |  20.106 |   22.271 | 
     | DENSE5/genblk1_15__ADD/intadd_6363_U3  | CI ^ -> CO ^ | ADDFX1MA10TL     | 0.080 |  20.186 |   22.351 | 
     | DENSE5/genblk1_15__ADD/intadd_6363_U2  | CI ^ -> CO ^ | ADDFX1MA10TL     | 0.066 |  20.253 |   22.417 | 
     | DENSE5/genblk1_15__ADD/U3              | A ^ -> Y v   | INVX0P5MA10TL    | 0.037 |  20.290 |   22.454 | 
     | DENSE5/genblk1_15__ADD/intadd_6407_U3  | A v -> CO v  | ADDFX1MA10TL     | 0.099 |  20.388 |   22.553 | 
     | DENSE5/genblk1_15__ADD/intadd_6407_U2  | CI v -> S ^  | ADDFX1MA10TL     | 0.125 |  20.513 |   22.677 | 
     | DENSE5/genblk1_15__ADD/U2              | A ^ -> Y v   | INVX0P5MA10TL    | 0.023 |  20.536 |   22.700 | 
     | U1194                                  | A v -> Y ^   | NOR3X0P5AA10TL   | 0.069 |  20.605 |   22.770 | 
     | U1195                                  | B ^ -> Y v   | NAND2X0P5AA10TL  | 0.038 |  20.644 |   22.808 | 
     | U1196                                  | C v -> Y ^   | NOR3X0P5AA10TL   | 0.394 |  21.038 |   23.202 | 
     | U1197                                  | A2 ^ -> Y v  | AOI31X0P5MA10TL  | 0.365 |  21.402 |   23.566 | 
     | U1198                                  | B0 v -> Y ^  | AOI31X0P5MA10TL  | 0.346 |  21.748 |   23.913 | 
     | U1212                                  | B0 ^ -> Y v  | OAI211X0P5MA10TL | 0.295 |  22.044 |   24.208 | 
     | FE_OFC2569_act6_y_139                  | A v -> Y ^   | INVX1P7BA10TL    | 0.431 |  22.474 |   24.639 | 
     | FE_OFC2570_act6_y_139                  | A ^ -> Y v   | INVX1P7BA10TL    | 0.619 |  23.093 |   25.258 | 
     | y_reg_15__4_                           | D v          | DFFQX0P5MA10TL   | 0.119 |  23.212 |   25.377 | 
     +-------------------------------------------------------------------------------------------------------+ 
Path 2: MET Setup Check with Pin y_reg_15__6_/CK 
Endpoint:   y_reg_15__6_/D (v) checked with  leading edge of 'clk'
Beginpoint: x[221]         (v) triggered by  leading edge of 'clk'
Path Groups: {clk}
Analysis View: WC_VIEW
Other End Arrival Time          0.488
- Setup                         0.121
+ Phase Shift                  25.000
= Required Time                25.367
- Arrival Time                 23.081
= Slack Time                    2.285
     Clock Rise Edge                      0.000
     + Input Delay                        5.000
     = Beginpoint Arrival Time            5.000
     +-------------------------------------------------------------------------------------------------------+ 
     |                Instance                |     Arc      |       Cell       | Delay | Arrival | Required | 
     |                                        |              |                  |       |  Time   |   Time   | 
     |----------------------------------------+--------------+------------------+-------+---------+----------| 
     |                                        | x[221] v     |                  |       |   5.000 |    7.285 | 
     | CONV2/FE_OFC927_x_221                  | A v -> Y v   | BUFX3MA10TL      | 0.407 |   5.407 |    7.692 | 
     | CONV2/FE_DBTC426_x_221                 | A v -> Y ^   | INVX0P5MA10TL    | 0.730 |   6.137 |    8.422 | 
     | CONV2/FE_OFC3506_FE_DBTN426_x_221      | A ^ -> Y ^   | BUFHX1P7MA10TL   | 0.432 |   6.569 |    8.854 | 
     | CONV2/FE_OFC3508_FE_DBTN426_x_221      | A ^ -> Y v   | INVX0P6BA10TL    | 0.195 |   6.764 |    9.049 | 
     | CONV2/FE_OFC3509_FE_DBTN426_x_221      | A v -> Y ^   | INVX4BA10TL      | 0.273 |   7.037 |    9.322 | 
     | CONV2/U52984                           | B0 ^ -> Y v  | AOI22X0P5MA10TL  | 0.395 |   7.432 |    9.717 | 
     | CONV2/U52985                           | B0 v -> Y ^  | AOI22X0P5MA10TL  | 0.175 |   7.608 |    9.893 | 
     | CONV2/U53033                           | CI ^ -> S v  | ADDFX1MA10TL     | 0.169 |   7.776 |   10.062 | 
     | CONV2/U53034                           | A v -> CO v  | ADDFX1MA10TL     | 0.100 |   7.876 |   10.162 | 
     | CONV2/U86602                           | B v -> S ^   | ADDFX1MA10TL     | 0.130 |   8.006 |   10.292 | 
     | CONV2/U53035                           | A ^ -> Y v   | INVX0P5MA10TL    | 0.037 |   8.043 |   10.329 | 
     | CONV2/intadd_714_U4                    | A v -> S ^   | ADDFX1MA10TL     | 0.132 |   8.176 |   10.461 | 
     | CONV2/U53016                           | A ^ -> Y v   | INVX0P5MA10TL    | 0.038 |   8.214 |   10.500 | 
     | CONV2/intadd_2871_U2                   | B v -> CO v  | ADDFX1MA10TL     | 0.083 |   8.297 |   10.582 | 
     | CONV2/U52999                           | A v -> Y ^   | INVX0P5MA10TL    | 0.056 |   8.353 |   10.639 | 
     | CONV2/intadd_37_U15                    | A ^ -> S v   | ADDFX1MA10TL     | 0.139 |   8.492 |   10.777 | 
     | CONV2/U52929                           | A v -> Y ^   | INVX0P5MA10TL    | 0.057 |   8.549 |   10.835 | 
     | CONV2/intadd_1767_U2                   | B ^ -> CO ^  | ADDFX1MA10TL     | 0.078 |   8.628 |   10.913 | 
     | CONV2/U52922                           | A ^ -> Y v   | INVX0P5MA10TL    | 0.036 |   8.664 |   10.949 | 
     | CONV2/intadd_37_U14                    | A v -> CO v  | ADDFX1MA10TL     | 0.111 |   8.775 |   11.061 | 
     | CONV2/intadd_37_U13                    | CI v -> CO v | ADDFX1MA10TL     | 0.092 |   8.867 |   11.152 | 
     | CONV2/intadd_37_U12                    | CI v -> CO v | ADDFX1MA10TL     | 0.098 |   8.965 |   11.250 | 
     | CONV2/intadd_37_U11                    | CI v -> CO v | ADDFX1MA10TL     | 0.101 |   9.065 |   11.351 | 
     | CONV2/intadd_37_U10                    | CI v -> CO v | ADDFX1MA10TL     | 0.096 |   9.161 |   11.446 | 
     | CONV2/intadd_37_U9                     | CI v -> CO v | ADDFX1MA10TL     | 0.093 |   9.254 |   11.539 | 
     | CONV2/intadd_37_U8                     | CI v -> CO v | ADDFX1MA10TL     | 0.096 |   9.350 |   11.635 | 
     | CONV2/intadd_37_U7                     | CI v -> CO v | ADDFX1MA10TL     | 0.099 |   9.449 |   11.734 | 
     | CONV2/intadd_37_U6                     | CI v -> CO v | ADDFX1MA10TL     | 0.090 |   9.539 |   11.825 | 
     | CONV2/intadd_37_U5                     | CI v -> CO v | ADDFX1MA10TL     | 0.089 |   9.628 |   11.914 | 
     | CONV2/intadd_37_U4                     | CI v -> CO v | ADDFX1MA10TL     | 0.085 |   9.714 |   11.999 | 
     | CONV2/intadd_37_U3                     | CI v -> CO v | ADDFX1MA10TL     | 0.084 |   9.797 |   12.083 | 
     | CONV2/intadd_37_U2                     | CI v -> CO v | ADDFX1MA10TL     | 0.233 |  10.031 |   12.316 | 
     | ACT3/U2870                             | D v -> Y ^   | NAND4X0P5MA10TL  | 0.200 |  10.231 |   12.516 | 
     | ACT3/U2872                             | A ^ -> Y v   | NOR2X0P5AA10TL   | 0.061 |  10.291 |   12.577 | 
     | ACT3/U2873                             | A v -> Y ^   | NAND2X0P5AA10TL  | 0.077 |  10.368 |   12.654 | 
     | ACT3/U2874                             | A ^ -> Y v   | NOR2XBX0P5MA10TL | 0.073 |  10.442 |   12.727 | 
     | ACT3/U2875                             | A v -> Y ^   | NAND2X0P5AA10TL  | 0.085 |  10.527 |   12.812 | 
     | ACT3/U2876                             | A ^ -> Y v   | NOR2XBX0P5MA10TL | 0.103 |  10.630 |   12.915 | 
     | ACT3/U2877                             | A v -> Y ^   | NAND2X0P5AA10TL  | 0.146 |  10.776 |   13.061 | 
     | ACT3/U2878                             | A ^ -> Y v   | NOR2XBX0P5MA10TL | 0.116 |  10.892 |   13.177 | 
     | ACT3/U2879                             | A v -> Y ^   | NAND2X0P5AA10TL  | 0.118 |  11.010 |   13.295 | 
     | ACT3/U2880                             | A ^ -> Y v   | NOR2XBX0P5MA10TL | 0.104 |  11.114 |   13.399 | 
     | ACT3/U2883                             | A0 v -> Y ^  | AOI22X1MA10TL    | 0.377 |  11.491 |   13.776 | 
     | ACT3/U19                               | A1 ^ -> Y v  | AOI32X1MA10TL    | 0.108 |  11.599 |   13.884 | 
     | DENSE5/FE_OFC6450_act3_y_553           | A v -> Y ^   | INVX1MA10TL      | 0.312 |  11.910 |   14.196 | 
     | DENSE5/FE_OFC6451_act3_y_553           | A ^ -> Y v   | INVX3BA10TL      | 0.389 |  12.299 |   14.585 | 
     | DENSE5/FE_OFC6452_act3_y_553           | A v -> Y ^   | INVX1MA10TL      | 0.710 |  13.010 |   15.295 | 
     | DENSE5/FE_OFC6454_act3_y_553           | A ^ -> Y v   | INVX3BA10TL      | 0.332 |  13.342 |   15.627 | 
     | DENSE5/U8467                           | A v -> Y ^   | INVX0P5MA10TL    | 0.778 |  14.120 |   16.405 | 
     | DENSE5/FE_OFC11649_n45149              | A ^ -> Y ^   | BUFX1MA10TL      | 0.471 |  14.590 |   16.875 | 
     | DENSE5/FE_OFC11651_n45149              | A ^ -> Y v   | INVX1MA10TL      | 0.329 |  14.919 |   17.204 | 
     | DENSE5/FE_OFC11652_n45149              | A v -> Y ^   | INVX4BA10TL      | 0.239 |  15.158 |   17.443 | 
     | DENSE5/FE_OFC11653_n45149              | A ^ -> Y ^   | BUFX1MA10TL      | 0.851 |  16.009 |   18.294 | 
     | DENSE5/U47958                          | A1 ^ -> Y v  | AOI22X0P5MA10TL  | 0.166 |  16.175 |   18.461 | 
     | DENSE5/U47960                          | A1 v -> Y ^  | OAI22X0P5MA10TL  | 0.159 |  16.334 |   18.619 | 
     | DENSE5/U47964                          | A ^ -> Y v   | NAND2X0P5AA10TL  | 0.116 |  16.450 |   18.735 | 
     | DENSE5/U47965                          | B0 v -> Y ^  | OAI21X0P5MA10TL  | 0.104 |  16.553 |   18.839 | 
     | DENSE5/intadd_4217_U16                 | CI ^ -> CO ^ | ADDFX1MA10TL     | 0.105 |  16.659 |   18.944 | 
     | DENSE5/intadd_4217_U15                 | CI ^ -> CO ^ | ADDFX1MA10TL     | 0.084 |  16.742 |   19.028 | 
     | DENSE5/intadd_4217_U14                 | CI ^ -> S v  | ADDFX1MA10TL     | 0.122 |  16.864 |   19.150 | 
     | DENSE5/U46649                          | A v -> Y ^   | INVX0P5MA10TL    | 0.270 |  17.134 |   19.419 | 
     | DENSE5/genblk1_15__ADD/U1060           | A ^ -> CO ^  | ADDFX1MA10TL     | 0.255 |  17.389 |   19.674 | 
     | DENSE5/genblk1_15__ADD/intadd_6369_U13 | A ^ -> S v   | ADDFX1MA10TL     | 0.197 |  17.586 |   19.871 | 
     | DENSE5/genblk1_15__ADD/U962            | CI v -> S ^  | ADDFX1MA10TL     | 0.150 |  17.736 |   20.021 | 
     | DENSE5/genblk1_15__ADD/intadd_6396_U6  | A ^ -> S v   | ADDFX1MA10TL     | 0.146 |  17.882 |   20.167 | 
     | DENSE5/genblk1_15__ADD/intadd_6406_U4  | B v -> S v   | ADDFX1MA10TL     | 0.149 |  18.031 |   20.317 | 
     | DENSE5/genblk1_15__ADD/intadd_6395_U4  | B v -> S v   | ADDFX1MA10TL     | 0.148 |  18.180 |   20.465 | 
     | DENSE5/genblk1_15__ADD/intadd_6414_U2  | B v -> S ^   | ADDFX1MA10TL     | 0.147 |  18.327 |   20.613 | 
     | DENSE5/genblk1_15__ADD/intadd_6421_U3  | A ^ -> S v   | ADDFX1MA10TL     | 0.148 |  18.475 |   20.761 | 
     | DENSE5/genblk1_15__ADD/intadd_6422_U2  | A v -> S ^   | ADDFX1MA10TL     | 0.151 |  18.627 |   20.912 | 
     | DENSE5/genblk1_15__ADD/intadd_6363_U19 | B ^ -> CO ^  | ADDFX1MA10TL     | 0.098 |  18.724 |   21.010 | 
     | DENSE5/genblk1_15__ADD/intadd_6363_U18 | CI ^ -> CO ^ | ADDFX1MA10TL     | 0.097 |  18.821 |   21.106 | 
     | DENSE5/genblk1_15__ADD/intadd_6363_U17 | CI ^ -> CO ^ | ADDFX1MA10TL     | 0.094 |  18.915 |   21.200 | 
     | DENSE5/genblk1_15__ADD/intadd_6363_U16 | CI ^ -> CO ^ | ADDFX1MA10TL     | 0.090 |  19.005 |   21.290 | 
     | DENSE5/genblk1_15__ADD/intadd_6363_U15 | CI ^ -> CO ^ | ADDFX1MA10TL     | 0.086 |  19.091 |   21.377 | 
     | DENSE5/genblk1_15__ADD/intadd_6363_U14 | CI ^ -> CO ^ | ADDFX1MA10TL     | 0.092 |  19.183 |   21.468 | 
     | DENSE5/genblk1_15__ADD/intadd_6363_U13 | CI ^ -> CO ^ | ADDFX1MA10TL     | 0.090 |  19.273 |   21.558 | 
     | DENSE5/genblk1_15__ADD/intadd_6363_U12 | CI ^ -> CO ^ | ADDFX1MA10TL     | 0.117 |  19.390 |   21.675 | 
     | DENSE5/genblk1_15__ADD/intadd_6363_U11 | CI ^ -> CO ^ | ADDFX1MA10TL     | 0.098 |  19.488 |   21.773 | 
     | DENSE5/genblk1_15__ADD/intadd_6363_U10 | CI ^ -> CO ^ | ADDFX1MA10TL     | 0.081 |  19.569 |   21.854 | 
     | DENSE5/genblk1_15__ADD/intadd_6363_U9  | CI ^ -> CO ^ | ADDFX1MA10TL     | 0.110 |  19.679 |   21.964 | 
     | DENSE5/genblk1_15__ADD/intadd_6363_U8  | CI ^ -> CO ^ | ADDFX1MA10TL     | 0.091 |  19.770 |   22.055 | 
     | DENSE5/genblk1_15__ADD/intadd_6363_U7  | CI ^ -> CO ^ | ADDFX1MA10TL     | 0.087 |  19.857 |   22.142 | 
     | DENSE5/genblk1_15__ADD/intadd_6363_U6  | CI ^ -> CO ^ | ADDFX1MA10TL     | 0.084 |  19.941 |   22.226 | 
     | DENSE5/genblk1_15__ADD/intadd_6363_U5  | CI ^ -> CO ^ | ADDFX1MA10TL     | 0.080 |  20.021 |   22.306 | 
     | DENSE5/genblk1_15__ADD/intadd_6363_U4  | CI ^ -> CO ^ | ADDFX1MA10TL     | 0.085 |  20.106 |   22.391 | 
     | DENSE5/genblk1_15__ADD/intadd_6363_U3  | CI ^ -> CO ^ | ADDFX1MA10TL     | 0.080 |  20.186 |   22.472 | 
     | DENSE5/genblk1_15__ADD/intadd_6363_U2  | CI ^ -> CO ^ | ADDFX1MA10TL     | 0.066 |  20.253 |   22.538 | 
     | DENSE5/genblk1_15__ADD/U3              | A ^ -> Y v   | INVX0P5MA10TL    | 0.037 |  20.290 |   22.575 | 
     | DENSE5/genblk1_15__ADD/intadd_6407_U3  | A v -> CO v  | ADDFX1MA10TL     | 0.099 |  20.388 |   22.674 | 
     | DENSE5/genblk1_15__ADD/intadd_6407_U2  | CI v -> S ^  | ADDFX1MA10TL     | 0.125 |  20.513 |   22.798 | 
     | DENSE5/genblk1_15__ADD/U2              | A ^ -> Y v   | INVX0P5MA10TL    | 0.023 |  20.536 |   22.821 | 
     | U1194                                  | A v -> Y ^   | NOR3X0P5AA10TL   | 0.069 |  20.605 |   22.891 | 
     | U1195                                  | B ^ -> Y v   | NAND2X0P5AA10TL  | 0.038 |  20.644 |   22.929 | 
     | U1196                                  | C v -> Y ^   | NOR3X0P5AA10TL   | 0.394 |  21.038 |   23.323 | 
     | U1197                                  | A2 ^ -> Y v  | AOI31X0P5MA10TL  | 0.365 |  21.402 |   23.687 | 
     | U1198                                  | B0 v -> Y ^  | AOI31X0P5MA10TL  | 0.346 |  21.748 |   24.034 | 
     | U1218                                  | B0 ^ -> Y v  | OAI211X1MA10TL   | 0.270 |  22.018 |   24.304 | 
     | FE_OFC2565_act6_y_141                  | A v -> Y ^   | INVX1MA10TL      | 0.445 |  22.464 |   24.749 | 
     | FE_OFC2566_act6_y_141                  | A ^ -> Y v   | INVX3BA10TL      | 0.376 |  22.840 |   25.125 | 
     | y_reg_15__6_                           | D v          | DFFQX0P5MA10TL   | 0.241 |  23.081 |   25.367 | 
     +-------------------------------------------------------------------------------------------------------+ 
Path 3: MET Setup Check with Pin y_reg_3__4_/CK 
Endpoint:   y_reg_3__4_/D (^) checked with  leading edge of 'clk'
Beginpoint: x[221]        (v) triggered by  leading edge of 'clk'
Path Groups: {clk}
Analysis View: WC_VIEW
Other End Arrival Time          0.488
- Setup                         0.081
+ Phase Shift                  25.000
= Required Time                25.406
- Arrival Time                 23.012
= Slack Time                    2.395
     Clock Rise Edge                      0.000
     + Input Delay                        5.000
     = Beginpoint Arrival Time            5.000
     +------------------------------------------------------------------------------------------------------+ 
     |               Instance                |     Arc      |       Cell       | Delay | Arrival | Required | 
     |                                       |              |                  |       |  Time   |   Time   | 
     |---------------------------------------+--------------+------------------+-------+---------+----------| 
     |                                       | x[221] v     |                  |       |   5.000 |    7.395 | 
     | CONV2/FE_OFC927_x_221                 | A v -> Y v   | BUFX3MA10TL      | 0.407 |   5.407 |    7.802 | 
     | CONV2/FE_DBTC426_x_221                | A v -> Y ^   | INVX0P5MA10TL    | 0.730 |   6.137 |    8.532 | 
     | CONV2/FE_OFC3506_FE_DBTN426_x_221     | A ^ -> Y ^   | BUFHX1P7MA10TL   | 0.432 |   6.569 |    8.964 | 
     | CONV2/FE_OFC3508_FE_DBTN426_x_221     | A ^ -> Y v   | INVX0P6BA10TL    | 0.195 |   6.764 |    9.158 | 
     | CONV2/FE_OFC3509_FE_DBTN426_x_221     | A v -> Y ^   | INVX4BA10TL      | 0.273 |   7.037 |    9.431 | 
     | CONV2/U52984                          | B0 ^ -> Y v  | AOI22X0P5MA10TL  | 0.395 |   7.432 |    9.827 | 
     | CONV2/U52985                          | B0 v -> Y ^  | AOI22X0P5MA10TL  | 0.175 |   7.608 |   10.002 | 
     | CONV2/U53033                          | CI ^ -> S v  | ADDFX1MA10TL     | 0.169 |   7.776 |   10.171 | 
     | CONV2/U53034                          | A v -> CO v  | ADDFX1MA10TL     | 0.100 |   7.877 |   10.271 | 
     | CONV2/U86602                          | B v -> S ^   | ADDFX1MA10TL     | 0.130 |   8.007 |   10.401 | 
     | CONV2/U53035                          | A ^ -> Y v   | INVX0P5MA10TL    | 0.037 |   8.043 |   10.438 | 
     | CONV2/intadd_714_U4                   | A v -> S ^   | ADDFX1MA10TL     | 0.132 |   8.176 |   10.571 | 
     | CONV2/U53016                          | A ^ -> Y v   | INVX0P5MA10TL    | 0.038 |   8.214 |   10.609 | 
     | CONV2/intadd_2871_U2                  | B v -> CO v  | ADDFX1MA10TL     | 0.083 |   8.297 |   10.692 | 
     | CONV2/U52999                          | A v -> Y ^   | INVX0P5MA10TL    | 0.056 |   8.353 |   10.748 | 
     | CONV2/intadd_37_U15                   | A ^ -> S v   | ADDFX1MA10TL     | 0.139 |   8.492 |   10.887 | 
     | CONV2/U52929                          | A v -> Y ^   | INVX0P5MA10TL    | 0.057 |   8.549 |   10.944 | 
     | CONV2/intadd_1767_U2                  | B ^ -> CO ^  | ADDFX1MA10TL     | 0.078 |   8.628 |   11.022 | 
     | CONV2/U52922                          | A ^ -> Y v   | INVX0P5MA10TL    | 0.036 |   8.664 |   11.059 | 
     | CONV2/intadd_37_U14                   | A v -> CO v  | ADDFX1MA10TL     | 0.111 |   8.775 |   11.170 | 
     | CONV2/intadd_37_U13                   | CI v -> CO v | ADDFX1MA10TL     | 0.092 |   8.867 |   11.262 | 
     | CONV2/intadd_37_U12                   | CI v -> CO v | ADDFX1MA10TL     | 0.098 |   8.965 |   11.359 | 
     | CONV2/intadd_37_U11                   | CI v -> CO v | ADDFX1MA10TL     | 0.101 |   9.065 |   11.460 | 
     | CONV2/intadd_37_U10                   | CI v -> CO v | ADDFX1MA10TL     | 0.096 |   9.161 |   11.556 | 
     | CONV2/intadd_37_U9                    | CI v -> CO v | ADDFX1MA10TL     | 0.093 |   9.254 |   11.649 | 
     | CONV2/intadd_37_U8                    | CI v -> CO v | ADDFX1MA10TL     | 0.096 |   9.350 |   11.745 | 
     | CONV2/intadd_37_U7                    | CI v -> CO v | ADDFX1MA10TL     | 0.099 |   9.449 |   11.844 | 
     | CONV2/intadd_37_U6                    | CI v -> CO v | ADDFX1MA10TL     | 0.090 |   9.539 |   11.934 | 
     | CONV2/intadd_37_U5                    | CI v -> CO v | ADDFX1MA10TL     | 0.089 |   9.628 |   12.023 | 
     | CONV2/intadd_37_U4                    | CI v -> CO v | ADDFX1MA10TL     | 0.085 |   9.714 |   12.109 | 
     | CONV2/intadd_37_U3                    | CI v -> CO v | ADDFX1MA10TL     | 0.084 |   9.797 |   12.192 | 
     | CONV2/intadd_37_U2                    | CI v -> CO v | ADDFX1MA10TL     | 0.233 |  10.031 |   12.426 | 
     | ACT3/U2870                            | D v -> Y ^   | NAND4X0P5MA10TL  | 0.200 |  10.231 |   12.625 | 
     | ACT3/U2872                            | A ^ -> Y v   | NOR2X0P5AA10TL   | 0.061 |  10.292 |   12.686 | 
     | ACT3/U2873                            | A v -> Y ^   | NAND2X0P5AA10TL  | 0.077 |  10.368 |   12.763 | 
     | ACT3/U2874                            | A ^ -> Y v   | NOR2XBX0P5MA10TL | 0.073 |  10.442 |   12.836 | 
     | ACT3/U2875                            | A v -> Y ^   | NAND2X0P5AA10TL  | 0.085 |  10.527 |   12.922 | 
     | ACT3/U2876                            | A ^ -> Y v   | NOR2XBX0P5MA10TL | 0.103 |  10.630 |   13.024 | 
     | ACT3/U2877                            | A v -> Y ^   | NAND2X0P5AA10TL  | 0.146 |  10.776 |   13.170 | 
     | ACT3/U2878                            | A ^ -> Y v   | NOR2XBX0P5MA10TL | 0.116 |  10.892 |   13.287 | 
     | ACT3/U2879                            | A v -> Y ^   | NAND2X0P5AA10TL  | 0.118 |  11.010 |   13.404 | 
     | ACT3/U2880                            | A ^ -> Y v   | NOR2XBX0P5MA10TL | 0.104 |  11.114 |   13.509 | 
     | ACT3/U2883                            | A0 v -> Y ^  | AOI22X1MA10TL    | 0.377 |  11.491 |   13.886 | 
     | ACT3/U19                              | A1 ^ -> Y v  | AOI32X1MA10TL    | 0.108 |  11.599 |   13.994 | 
     | DENSE5/FE_OFC6450_act3_y_553          | A v -> Y ^   | INVX1MA10TL      | 0.312 |  11.911 |   14.305 | 
     | DENSE5/FE_OFC6451_act3_y_553          | A ^ -> Y v   | INVX3BA10TL      | 0.389 |  12.299 |   14.694 | 
     | DENSE5/FE_OFC6452_act3_y_553          | A v -> Y ^   | INVX1MA10TL      | 0.710 |  13.010 |   15.404 | 
     | DENSE5/FE_OFC6454_act3_y_553          | A ^ -> Y v   | INVX3BA10TL      | 0.332 |  13.342 |   15.736 | 
     | DENSE5/U8467                          | A v -> Y ^   | INVX0P5MA10TL    | 0.778 |  14.120 |   16.514 | 
     | DENSE5/FE_OFC11649_n45149             | A ^ -> Y ^   | BUFX1MA10TL      | 0.471 |  14.590 |   16.985 | 
     | DENSE5/FE_OFC11651_n45149             | A ^ -> Y v   | INVX1MA10TL      | 0.329 |  14.919 |   17.314 | 
     | DENSE5/FE_OFC11652_n45149             | A v -> Y ^   | INVX4BA10TL      | 0.239 |  15.158 |   17.552 | 
     | DENSE5/U103597                        | A1 ^ -> Y v  | AOI22X0P5MA10TL  | 0.784 |  15.942 |   18.337 | 
     | DENSE5/U103599                        | A1 v -> Y ^  | OAI22X0P5MA10TL  | 0.146 |  16.088 |   18.482 | 
     | DENSE5/U103603                        | A ^ -> Y v   | NAND2X0P5AA10TL  | 0.120 |  16.208 |   18.602 | 
     | DENSE5/U103604                        | B0 v -> Y ^  | OAI21X0P5MA10TL  | 0.101 |  16.309 |   18.703 | 
     | DENSE5/intadd_5753_U16                | CI ^ -> CO ^ | ADDFX1MA10TL     | 0.104 |  16.413 |   18.808 | 
     | DENSE5/intadd_5753_U15                | CI ^ -> CO ^ | ADDFX1MA10TL     | 0.084 |  16.497 |   18.891 | 
     | DENSE5/intadd_5753_U14                | CI ^ -> S v  | ADDFX1MA10TL     | 0.132 |  16.629 |   19.024 | 
     | DENSE5/U102316                        | A v -> Y ^   | INVX0P5MA10TL    | 0.329 |  16.958 |   19.353 | 
     | DENSE5/genblk1_3__ADD/U1060           | A ^ -> S v   | ADDFX1MA10TL     | 0.282 |  17.240 |   19.634 | 
     | DENSE5/genblk1_3__ADD/U1063           | B v -> S ^   | ADDFX1MA10TL     | 0.228 |  17.468 |   19.863 | 
     | DENSE5/genblk1_3__ADD/U1064           | B ^ -> S v   | ADDFX1MA10TL     | 0.164 |  17.632 |   20.026 | 
     | DENSE5/genblk1_3__ADD/intadd_8622_U3  | B v -> S ^   | ADDFX1MA10TL     | 0.170 |  17.802 |   20.196 | 
     | DENSE5/genblk1_3__ADD/intadd_8588_U3  | A ^ -> CO ^  | ADDFX1MA10TL     | 0.108 |  17.909 |   20.304 | 
     | DENSE5/genblk1_3__ADD/intadd_8588_U2  | CI ^ -> CO ^ | ADDFX1MA10TL     | 0.088 |  17.998 |   20.392 | 
     | DENSE5/genblk1_3__ADD/intadd_8523_U6  | A ^ -> S v   | ADDFX1MA10TL     | 0.147 |  18.144 |   20.539 | 
     | DENSE5/genblk1_3__ADD/intadd_8621_U2  | A v -> S ^   | ADDFX1MA10TL     | 0.152 |  18.297 |   20.691 | 
     | DENSE5/genblk1_3__ADD/intadd_8568_U3  | A ^ -> S v   | ADDFX1MA10TL     | 0.150 |  18.447 |   20.841 | 
     | DENSE5/genblk1_3__ADD/intadd_8569_U2  | B v -> S ^   | ADDFX1MA10TL     | 0.154 |  18.601 |   20.995 | 
     | DENSE5/genblk1_3__ADD/intadd_8511_U18 | B ^ -> CO ^  | ADDFX1MA10TL     | 0.093 |  18.693 |   21.088 | 
     | DENSE5/genblk1_3__ADD/intadd_8511_U17 | CI ^ -> CO ^ | ADDFX1MA10TL     | 0.092 |  18.785 |   21.180 | 
     | DENSE5/genblk1_3__ADD/intadd_8511_U16 | CI ^ -> CO ^ | ADDFX1MA10TL     | 0.089 |  18.874 |   21.269 | 
     | DENSE5/genblk1_3__ADD/intadd_8511_U15 | CI ^ -> CO ^ | ADDFX1MA10TL     | 0.089 |  18.963 |   21.358 | 
     | DENSE5/genblk1_3__ADD/intadd_8511_U14 | CI ^ -> CO ^ | ADDFX1MA10TL     | 0.098 |  19.062 |   21.456 | 
     | DENSE5/genblk1_3__ADD/intadd_8511_U13 | CI ^ -> CO ^ | ADDFX1MA10TL     | 0.086 |  19.147 |   21.542 | 
     | DENSE5/genblk1_3__ADD/intadd_8511_U12 | CI ^ -> CO ^ | ADDFX1MA10TL     | 0.098 |  19.245 |   21.640 | 
     | DENSE5/genblk1_3__ADD/intadd_8511_U11 | CI ^ -> CO ^ | ADDFX1MA10TL     | 0.092 |  19.337 |   21.731 | 
     | DENSE5/genblk1_3__ADD/intadd_8511_U10 | CI ^ -> CO ^ | ADDFX1MA10TL     | 0.084 |  19.421 |   21.815 | 
     | DENSE5/genblk1_3__ADD/intadd_8511_U9  | CI ^ -> CO ^ | ADDFX1MA10TL     | 0.098 |  19.518 |   21.913 | 
     | DENSE5/genblk1_3__ADD/intadd_8511_U8  | CI ^ -> CO ^ | ADDFX1MA10TL     | 0.091 |  19.609 |   22.004 | 
     | DENSE5/genblk1_3__ADD/intadd_8511_U7  | CI ^ -> CO ^ | ADDFX1MA10TL     | 0.097 |  19.706 |   22.101 | 
     | DENSE5/genblk1_3__ADD/intadd_8511_U6  | CI ^ -> CO ^ | ADDFX1MA10TL     | 0.091 |  19.798 |   22.192 | 
     | DENSE5/genblk1_3__ADD/intadd_8511_U5  | CI ^ -> CO ^ | ADDFX1MA10TL     | 0.088 |  19.886 |   22.281 | 
     | DENSE5/genblk1_3__ADD/intadd_8511_U4  | CI ^ -> CO ^ | ADDFX1MA10TL     | 0.084 |  19.970 |   22.365 | 
     | DENSE5/genblk1_3__ADD/intadd_8511_U3  | CI ^ -> CO ^ | ADDFX1MA10TL     | 0.083 |  20.053 |   22.448 | 
     | DENSE5/genblk1_3__ADD/intadd_8511_U2  | CI ^ -> CO ^ | ADDFX1MA10TL     | 0.074 |  20.127 |   22.522 | 
     | DENSE5/genblk1_3__ADD/U3              | A ^ -> Y v   | INVX0P5MA10TL    | 0.041 |  20.168 |   22.563 | 
     | DENSE5/genblk1_3__ADD/intadd_8555_U3  | A v -> CO v  | ADDFX1MA10TL     | 0.097 |  20.265 |   22.660 | 
     | DENSE5/genblk1_3__ADD/intadd_8555_U2  | CI v -> CO v | ADDFX1MA10TL     | 0.161 |  20.426 |   22.821 | 
     | U1413                                 | A v -> Y ^   | INVX0P5MA10TL    | 0.133 |  20.559 |   22.953 | 
     | U1414                                 | B ^ -> Y ^   | AND2X0P5MA10TL   | 0.115 |  20.673 |   23.068 | 
     | U1415                                 | A ^ -> Y ^   | AND2X0P5MA10TL   | 0.103 |  20.776 |   23.171 | 
     | U1416                                 | A ^ -> Y v   | NAND2X0P5AA10TL  | 0.070 |  20.847 |   23.241 | 
     | U1418                                 | A v -> Y ^   | NOR2X0P5AA10TL   | 0.128 |  20.975 |   23.370 | 
     | U1419                                 | A ^ -> Y v   | NAND2X0P5AA10TL  | 0.093 |  21.068 |   23.462 | 
     | U1421                                 | A v -> Y ^   | NOR2X0P5AA10TL   | 0.110 |  21.178 |   23.572 | 
     | U1422                                 | A ^ -> Y v   | NAND2X0P5AA10TL  | 0.088 |  21.265 |   23.660 | 
     | U1424                                 | A v -> Y ^   | NOR2X0P5AA10TL   | 0.133 |  21.398 |   23.793 | 
     | U1433                                 | A0 ^ -> Y v  | AOI31X0P5MA10TL  | 0.213 |  21.611 |   24.006 | 
     | U1444                                 | B0 v -> Y ^  | OAI211X0P5MA10TL | 0.290 |  21.901 |   24.295 | 
     | FE_OFC2688_act6_y_31                  | A ^ -> Y v   | INVX1P7BA10TL    | 0.381 |  22.282 |   24.676 | 
     | FE_OFC2689_act6_y_31                  | A v -> Y ^   | INVX1MA10TL      | 0.669 |  22.950 |   25.345 | 
     | y_reg_3__4_                           | D ^          | DFFQX0P5MA10TL   | 0.062 |  23.012 |   25.406 | 
     +------------------------------------------------------------------------------------------------------+ 
Path 4: MET Setup Check with Pin y_reg_15__8_/CK 
Endpoint:   y_reg_15__8_/D (^) checked with  leading edge of 'clk'
Beginpoint: x[221]         (v) triggered by  leading edge of 'clk'
Path Groups: {clk}
Analysis View: WC_VIEW
Other End Arrival Time          0.486
- Setup                         0.080
+ Phase Shift                  25.000
= Required Time                25.406
- Arrival Time                 22.985
= Slack Time                    2.421
     Clock Rise Edge                      0.000
     + Input Delay                        5.000
     = Beginpoint Arrival Time            5.000
     +-------------------------------------------------------------------------------------------------------+ 
     |                Instance                |     Arc      |       Cell       | Delay | Arrival | Required | 
     |                                        |              |                  |       |  Time   |   Time   | 
     |----------------------------------------+--------------+------------------+-------+---------+----------| 
     |                                        | x[221] v     |                  |       |   5.000 |    7.421 | 
     | CONV2/FE_OFC927_x_221                  | A v -> Y v   | BUFX3MA10TL      | 0.407 |   5.407 |    7.828 | 
     | CONV2/FE_DBTC426_x_221                 | A v -> Y ^   | INVX0P5MA10TL    | 0.730 |   6.137 |    8.558 | 
     | CONV2/FE_OFC3506_FE_DBTN426_x_221      | A ^ -> Y ^   | BUFHX1P7MA10TL   | 0.432 |   6.569 |    8.990 | 
     | CONV2/FE_OFC3508_FE_DBTN426_x_221      | A ^ -> Y v   | INVX0P6BA10TL    | 0.195 |   6.764 |    9.185 | 
     | CONV2/FE_OFC3509_FE_DBTN426_x_221      | A v -> Y ^   | INVX4BA10TL      | 0.273 |   7.037 |    9.458 | 
     | CONV2/U52984                           | B0 ^ -> Y v  | AOI22X0P5MA10TL  | 0.395 |   7.432 |    9.853 | 
     | CONV2/U52985                           | B0 v -> Y ^  | AOI22X0P5MA10TL  | 0.175 |   7.608 |   10.028 | 
     | CONV2/U53033                           | CI ^ -> S v  | ADDFX1MA10TL     | 0.169 |   7.776 |   10.197 | 
     | CONV2/U53034                           | A v -> CO v  | ADDFX1MA10TL     | 0.100 |   7.876 |   10.297 | 
     | CONV2/U86602                           | B v -> S ^   | ADDFX1MA10TL     | 0.130 |   8.006 |   10.427 | 
     | CONV2/U53035                           | A ^ -> Y v   | INVX0P5MA10TL    | 0.037 |   8.043 |   10.464 | 
     | CONV2/intadd_714_U4                    | A v -> S ^   | ADDFX1MA10TL     | 0.132 |   8.176 |   10.597 | 
     | CONV2/U53016                           | A ^ -> Y v   | INVX0P5MA10TL    | 0.038 |   8.214 |   10.635 | 
     | CONV2/intadd_2871_U2                   | B v -> CO v  | ADDFX1MA10TL     | 0.083 |   8.297 |   10.718 | 
     | CONV2/U52999                           | A v -> Y ^   | INVX0P5MA10TL    | 0.056 |   8.353 |   10.774 | 
     | CONV2/intadd_37_U15                    | A ^ -> S v   | ADDFX1MA10TL     | 0.139 |   8.492 |   10.913 | 
     | CONV2/U52929                           | A v -> Y ^   | INVX0P5MA10TL    | 0.057 |   8.549 |   10.970 | 
     | CONV2/intadd_1767_U2                   | B ^ -> CO ^  | ADDFX1MA10TL     | 0.078 |   8.628 |   11.049 | 
     | CONV2/U52922                           | A ^ -> Y v   | INVX0P5MA10TL    | 0.036 |   8.664 |   11.085 | 
     | CONV2/intadd_37_U14                    | A v -> CO v  | ADDFX1MA10TL     | 0.111 |   8.775 |   11.196 | 
     | CONV2/intadd_37_U13                    | CI v -> CO v | ADDFX1MA10TL     | 0.092 |   8.867 |   11.288 | 
     | CONV2/intadd_37_U12                    | CI v -> CO v | ADDFX1MA10TL     | 0.098 |   8.965 |   11.386 | 
     | CONV2/intadd_37_U11                    | CI v -> CO v | ADDFX1MA10TL     | 0.101 |   9.065 |   11.486 | 
     | CONV2/intadd_37_U10                    | CI v -> CO v | ADDFX1MA10TL     | 0.096 |   9.161 |   11.582 | 
     | CONV2/intadd_37_U9                     | CI v -> CO v | ADDFX1MA10TL     | 0.093 |   9.254 |   11.675 | 
     | CONV2/intadd_37_U8                     | CI v -> CO v | ADDFX1MA10TL     | 0.096 |   9.350 |   11.771 | 
     | CONV2/intadd_37_U7                     | CI v -> CO v | ADDFX1MA10TL     | 0.099 |   9.449 |   11.870 | 
     | CONV2/intadd_37_U6                     | CI v -> CO v | ADDFX1MA10TL     | 0.090 |   9.539 |   11.960 | 
     | CONV2/intadd_37_U5                     | CI v -> CO v | ADDFX1MA10TL     | 0.089 |   9.628 |   12.049 | 
     | CONV2/intadd_37_U4                     | CI v -> CO v | ADDFX1MA10TL     | 0.085 |   9.714 |   12.135 | 
     | CONV2/intadd_37_U3                     | CI v -> CO v | ADDFX1MA10TL     | 0.084 |   9.797 |   12.218 | 
     | CONV2/intadd_37_U2                     | CI v -> CO v | ADDFX1MA10TL     | 0.233 |  10.031 |   12.452 | 
     | ACT3/U2870                             | D v -> Y ^   | NAND4X0P5MA10TL  | 0.200 |  10.231 |   12.652 | 
     | ACT3/U2872                             | A ^ -> Y v   | NOR2X0P5AA10TL   | 0.061 |  10.291 |   12.712 | 
     | ACT3/U2873                             | A v -> Y ^   | NAND2X0P5AA10TL  | 0.077 |  10.368 |   12.789 | 
     | ACT3/U2874                             | A ^ -> Y v   | NOR2XBX0P5MA10TL | 0.073 |  10.442 |   12.862 | 
     | ACT3/U2875                             | A v -> Y ^   | NAND2X0P5AA10TL  | 0.085 |  10.527 |   12.948 | 
     | ACT3/U2876                             | A ^ -> Y v   | NOR2XBX0P5MA10TL | 0.103 |  10.630 |   13.050 | 
     | ACT3/U2877                             | A v -> Y ^   | NAND2X0P5AA10TL  | 0.146 |  10.776 |   13.196 | 
     | ACT3/U2878                             | A ^ -> Y v   | NOR2XBX0P5MA10TL | 0.116 |  10.892 |   13.313 | 
     | ACT3/U2879                             | A v -> Y ^   | NAND2X0P5AA10TL  | 0.118 |  11.010 |   13.431 | 
     | ACT3/U2880                             | A ^ -> Y v   | NOR2XBX0P5MA10TL | 0.104 |  11.114 |   13.535 | 
     | ACT3/U2883                             | A0 v -> Y ^  | AOI22X1MA10TL    | 0.377 |  11.491 |   13.912 | 
     | ACT3/U19                               | A1 ^ -> Y v  | AOI32X1MA10TL    | 0.108 |  11.599 |   14.020 | 
     | DENSE5/FE_OFC6450_act3_y_553           | A v -> Y ^   | INVX1MA10TL      | 0.312 |  11.910 |   14.331 | 
     | DENSE5/FE_OFC6451_act3_y_553           | A ^ -> Y v   | INVX3BA10TL      | 0.389 |  12.299 |   14.720 | 
     | DENSE5/FE_OFC6452_act3_y_553           | A v -> Y ^   | INVX1MA10TL      | 0.710 |  13.010 |   15.430 | 
     | DENSE5/FE_OFC6454_act3_y_553           | A ^ -> Y v   | INVX3BA10TL      | 0.332 |  13.342 |   15.762 | 
     | DENSE5/U8467                           | A v -> Y ^   | INVX0P5MA10TL    | 0.778 |  14.120 |   16.540 | 
     | DENSE5/FE_OFC11649_n45149              | A ^ -> Y ^   | BUFX1MA10TL      | 0.471 |  14.590 |   17.011 | 
     | DENSE5/FE_OFC11651_n45149              | A ^ -> Y v   | INVX1MA10TL      | 0.329 |  14.919 |   17.340 | 
     | DENSE5/FE_OFC11652_n45149              | A v -> Y ^   | INVX4BA10TL      | 0.239 |  15.158 |   17.578 | 
     | DENSE5/FE_OFC11653_n45149              | A ^ -> Y ^   | BUFX1MA10TL      | 0.851 |  16.009 |   18.430 | 
     | DENSE5/U47958                          | A1 ^ -> Y v  | AOI22X0P5MA10TL  | 0.166 |  16.175 |   18.596 | 
     | DENSE5/U47960                          | A1 v -> Y ^  | OAI22X0P5MA10TL  | 0.159 |  16.334 |   18.755 | 
     | DENSE5/U47964                          | A ^ -> Y v   | NAND2X0P5AA10TL  | 0.116 |  16.450 |   18.871 | 
     | DENSE5/U47965                          | B0 v -> Y ^  | OAI21X0P5MA10TL  | 0.104 |  16.553 |   18.974 | 
     | DENSE5/intadd_4217_U16                 | CI ^ -> CO ^ | ADDFX1MA10TL     | 0.105 |  16.659 |   19.080 | 
     | DENSE5/intadd_4217_U15                 | CI ^ -> CO ^ | ADDFX1MA10TL     | 0.084 |  16.742 |   19.163 | 
     | DENSE5/intadd_4217_U14                 | CI ^ -> S v  | ADDFX1MA10TL     | 0.122 |  16.864 |   19.285 | 
     | DENSE5/U46649                          | A v -> Y ^   | INVX0P5MA10TL    | 0.270 |  17.134 |   19.555 | 
     | DENSE5/genblk1_15__ADD/U1060           | A ^ -> CO ^  | ADDFX1MA10TL     | 0.255 |  17.389 |   19.810 | 
     | DENSE5/genblk1_15__ADD/intadd_6369_U13 | A ^ -> S v   | ADDFX1MA10TL     | 0.197 |  17.586 |   20.007 | 
     | DENSE5/genblk1_15__ADD/U962            | CI v -> S ^  | ADDFX1MA10TL     | 0.150 |  17.736 |   20.157 | 
     | DENSE5/genblk1_15__ADD/intadd_6396_U6  | A ^ -> S v   | ADDFX1MA10TL     | 0.146 |  17.882 |   20.303 | 
     | DENSE5/genblk1_15__ADD/intadd_6406_U4  | B v -> S v   | ADDFX1MA10TL     | 0.149 |  18.031 |   20.452 | 
     | DENSE5/genblk1_15__ADD/intadd_6395_U4  | B v -> S v   | ADDFX1MA10TL     | 0.148 |  18.180 |   20.601 | 
     | DENSE5/genblk1_15__ADD/intadd_6414_U2  | B v -> S ^   | ADDFX1MA10TL     | 0.147 |  18.327 |   20.748 | 
     | DENSE5/genblk1_15__ADD/intadd_6421_U3  | A ^ -> S v   | ADDFX1MA10TL     | 0.148 |  18.475 |   20.896 | 
     | DENSE5/genblk1_15__ADD/intadd_6422_U2  | A v -> S ^   | ADDFX1MA10TL     | 0.151 |  18.627 |   21.047 | 
     | DENSE5/genblk1_15__ADD/intadd_6363_U19 | B ^ -> CO ^  | ADDFX1MA10TL     | 0.098 |  18.724 |   21.145 | 
     | DENSE5/genblk1_15__ADD/intadd_6363_U18 | CI ^ -> CO ^ | ADDFX1MA10TL     | 0.097 |  18.821 |   21.242 | 
     | DENSE5/genblk1_15__ADD/intadd_6363_U17 | CI ^ -> CO ^ | ADDFX1MA10TL     | 0.094 |  18.915 |   21.335 | 
     | DENSE5/genblk1_15__ADD/intadd_6363_U16 | CI ^ -> CO ^ | ADDFX1MA10TL     | 0.090 |  19.005 |   21.426 | 
     | DENSE5/genblk1_15__ADD/intadd_6363_U15 | CI ^ -> CO ^ | ADDFX1MA10TL     | 0.086 |  19.091 |   21.512 | 
     | DENSE5/genblk1_15__ADD/intadd_6363_U14 | CI ^ -> CO ^ | ADDFX1MA10TL     | 0.092 |  19.183 |   21.604 | 
     | DENSE5/genblk1_15__ADD/intadd_6363_U13 | CI ^ -> CO ^ | ADDFX1MA10TL     | 0.090 |  19.273 |   21.694 | 
     | DENSE5/genblk1_15__ADD/intadd_6363_U12 | CI ^ -> CO ^ | ADDFX1MA10TL     | 0.117 |  19.390 |   21.810 | 
     | DENSE5/genblk1_15__ADD/intadd_6363_U11 | CI ^ -> CO ^ | ADDFX1MA10TL     | 0.098 |  19.488 |   21.909 | 
     | DENSE5/genblk1_15__ADD/intadd_6363_U10 | CI ^ -> CO ^ | ADDFX1MA10TL     | 0.081 |  19.569 |   21.989 | 
     | DENSE5/genblk1_15__ADD/intadd_6363_U9  | CI ^ -> CO ^ | ADDFX1MA10TL     | 0.110 |  19.679 |   22.099 | 
     | DENSE5/genblk1_15__ADD/intadd_6363_U8  | CI ^ -> CO ^ | ADDFX1MA10TL     | 0.091 |  19.770 |   22.191 | 
     | DENSE5/genblk1_15__ADD/intadd_6363_U7  | CI ^ -> CO ^ | ADDFX1MA10TL     | 0.087 |  19.857 |   22.277 | 
     | DENSE5/genblk1_15__ADD/intadd_6363_U6  | CI ^ -> CO ^ | ADDFX1MA10TL     | 0.084 |  19.941 |   22.362 | 
     | DENSE5/genblk1_15__ADD/intadd_6363_U5  | CI ^ -> CO ^ | ADDFX1MA10TL     | 0.080 |  20.021 |   22.442 | 
     | DENSE5/genblk1_15__ADD/intadd_6363_U4  | CI ^ -> CO ^ | ADDFX1MA10TL     | 0.085 |  20.106 |   22.527 | 
     | DENSE5/genblk1_15__ADD/intadd_6363_U3  | CI ^ -> CO ^ | ADDFX1MA10TL     | 0.080 |  20.186 |   22.607 | 
     | DENSE5/genblk1_15__ADD/intadd_6363_U2  | CI ^ -> CO ^ | ADDFX1MA10TL     | 0.066 |  20.253 |   22.673 | 
     | DENSE5/genblk1_15__ADD/U3              | A ^ -> Y v   | INVX0P5MA10TL    | 0.037 |  20.290 |   22.710 | 
     | DENSE5/genblk1_15__ADD/intadd_6407_U3  | A v -> CO v  | ADDFX1MA10TL     | 0.099 |  20.388 |   22.809 | 
     | DENSE5/genblk1_15__ADD/intadd_6407_U2  | CI v -> CO v | ADDFX1MA10TL     | 0.186 |  20.574 |   22.995 | 
     | U1178                                  | A v -> Y ^   | INVX0P5MA10TL    | 0.146 |  20.720 |   23.141 | 
     | U1179                                  | B ^ -> Y ^   | AND2X0P5MA10TL   | 0.106 |  20.826 |   23.247 | 
     | U1181                                  | A ^ -> Y ^   | AND2X0P5MA10TL   | 0.096 |  20.922 |   23.343 | 
     | U1182                                  | A ^ -> Y v   | NAND2X0P5AA10TL  | 0.061 |  20.983 |   23.403 | 
     | U1184                                  | A v -> Y ^   | NOR2X0P5AA10TL   | 0.099 |  21.081 |   23.502 | 
     | U1185                                  | A ^ -> Y v   | NAND2X0P5AA10TL  | 0.080 |  21.162 |   23.583 | 
     | U1187                                  | A v -> Y ^   | NOR2X0P5AA10TL   | 0.111 |  21.273 |   23.693 | 
     | U1188                                  | A ^ -> Y v   | NAND2X0P5AA10TL  | 0.083 |  21.356 |   23.777 | 
     | U1190                                  | A v -> Y ^   | NOR2X0P5AA10TL   | 0.140 |  21.496 |   23.917 | 
     | U1566                                  | A1 ^ -> Y v  | AOI22X0P5MA10TL  | 0.085 |  21.581 |   24.002 | 
     | U1567                                  | B v -> Y ^   | NAND2BX1MA10TL   | 0.301 |  21.882 |   24.303 | 
     | FE_OFC2561_act6_y_143                  | A ^ -> Y v   | INVX1P7BA10TL    | 0.400 |  22.282 |   24.703 | 
     | FE_OFC2562_act6_y_143                  | A v -> Y ^   | INVX1P7BA10TL    | 0.561 |  22.842 |   25.263 | 
     | y_reg_15__8_                           | D ^          | DFFQX0P5MA10TL   | 0.143 |  22.985 |   25.406 | 
     +-------------------------------------------------------------------------------------------------------+ 
Path 5: MET Setup Check with Pin y_reg_15__5_/CK 
Endpoint:   y_reg_15__5_/D (v) checked with  leading edge of 'clk'
Beginpoint: x[221]         (v) triggered by  leading edge of 'clk'
Path Groups: {clk}
Analysis View: WC_VIEW
Other End Arrival Time          0.499
- Setup                         0.120
+ Phase Shift                  25.000
= Required Time                25.378
- Arrival Time                 22.904
= Slack Time                    2.474
     Clock Rise Edge                      0.000
     + Input Delay                        5.000
     = Beginpoint Arrival Time            5.000
     +-------------------------------------------------------------------------------------------------------+ 
     |                Instance                |     Arc      |       Cell       | Delay | Arrival | Required | 
     |                                        |              |                  |       |  Time   |   Time   | 
     |----------------------------------------+--------------+------------------+-------+---------+----------| 
     |                                        | x[221] v     |                  |       |   5.000 |    7.474 | 
     | CONV2/FE_OFC927_x_221                  | A v -> Y v   | BUFX3MA10TL      | 0.407 |   5.407 |    7.882 | 
     | CONV2/FE_DBTC426_x_221                 | A v -> Y ^   | INVX0P5MA10TL    | 0.730 |   6.137 |    8.612 | 
     | CONV2/FE_OFC3506_FE_DBTN426_x_221      | A ^ -> Y ^   | BUFHX1P7MA10TL   | 0.432 |   6.569 |    9.044 | 
     | CONV2/FE_OFC3508_FE_DBTN426_x_221      | A ^ -> Y v   | INVX0P6BA10TL    | 0.195 |   6.764 |    9.238 | 
     | CONV2/FE_OFC3509_FE_DBTN426_x_221      | A v -> Y ^   | INVX4BA10TL      | 0.273 |   7.037 |    9.511 | 
     | CONV2/U52984                           | B0 ^ -> Y v  | AOI22X0P5MA10TL  | 0.395 |   7.432 |    9.907 | 
     | CONV2/U52985                           | B0 v -> Y ^  | AOI22X0P5MA10TL  | 0.175 |   7.608 |   10.082 | 
     | CONV2/U53033                           | CI ^ -> S v  | ADDFX1MA10TL     | 0.169 |   7.776 |   10.251 | 
     | CONV2/U53034                           | A v -> CO v  | ADDFX1MA10TL     | 0.100 |   7.877 |   10.351 | 
     | CONV2/U86602                           | B v -> S ^   | ADDFX1MA10TL     | 0.130 |   8.007 |   10.481 | 
     | CONV2/U53035                           | A ^ -> Y v   | INVX0P5MA10TL    | 0.037 |   8.043 |   10.518 | 
     | CONV2/intadd_714_U4                    | A v -> S ^   | ADDFX1MA10TL     | 0.132 |   8.176 |   10.650 | 
     | CONV2/U53016                           | A ^ -> Y v   | INVX0P5MA10TL    | 0.038 |   8.214 |   10.689 | 
     | CONV2/intadd_2871_U2                   | B v -> CO v  | ADDFX1MA10TL     | 0.083 |   8.297 |   10.772 | 
     | CONV2/U52999                           | A v -> Y ^   | INVX0P5MA10TL    | 0.056 |   8.353 |   10.828 | 
     | CONV2/intadd_37_U15                    | A ^ -> S v   | ADDFX1MA10TL     | 0.139 |   8.492 |   10.966 | 
     | CONV2/U52929                           | A v -> Y ^   | INVX0P5MA10TL    | 0.057 |   8.549 |   11.024 | 
     | CONV2/intadd_1767_U2                   | B ^ -> CO ^  | ADDFX1MA10TL     | 0.078 |   8.628 |   11.102 | 
     | CONV2/U52922                           | A ^ -> Y v   | INVX0P5MA10TL    | 0.036 |   8.664 |   11.138 | 
     | CONV2/intadd_37_U14                    | A v -> CO v  | ADDFX1MA10TL     | 0.111 |   8.775 |   11.250 | 
     | CONV2/intadd_37_U13                    | CI v -> CO v | ADDFX1MA10TL     | 0.092 |   8.867 |   11.342 | 
     | CONV2/intadd_37_U12                    | CI v -> CO v | ADDFX1MA10TL     | 0.098 |   8.965 |   11.439 | 
     | CONV2/intadd_37_U11                    | CI v -> CO v | ADDFX1MA10TL     | 0.101 |   9.065 |   11.540 | 
     | CONV2/intadd_37_U10                    | CI v -> CO v | ADDFX1MA10TL     | 0.096 |   9.161 |   11.636 | 
     | CONV2/intadd_37_U9                     | CI v -> CO v | ADDFX1MA10TL     | 0.093 |   9.254 |   11.729 | 
     | CONV2/intadd_37_U8                     | CI v -> CO v | ADDFX1MA10TL     | 0.096 |   9.350 |   11.825 | 
     | CONV2/intadd_37_U7                     | CI v -> CO v | ADDFX1MA10TL     | 0.099 |   9.449 |   11.923 | 
     | CONV2/intadd_37_U6                     | CI v -> CO v | ADDFX1MA10TL     | 0.090 |   9.539 |   12.014 | 
     | CONV2/intadd_37_U5                     | CI v -> CO v | ADDFX1MA10TL     | 0.089 |   9.628 |   12.103 | 
     | CONV2/intadd_37_U4                     | CI v -> CO v | ADDFX1MA10TL     | 0.085 |   9.714 |   12.188 | 
     | CONV2/intadd_37_U3                     | CI v -> CO v | ADDFX1MA10TL     | 0.084 |   9.797 |   12.272 | 
     | CONV2/intadd_37_U2                     | CI v -> CO v | ADDFX1MA10TL     | 0.233 |  10.031 |   12.505 | 
     | ACT3/U2870                             | D v -> Y ^   | NAND4X0P5MA10TL  | 0.200 |  10.231 |   12.705 | 
     | ACT3/U2872                             | A ^ -> Y v   | NOR2X0P5AA10TL   | 0.061 |  10.292 |   12.766 | 
     | ACT3/U2873                             | A v -> Y ^   | NAND2X0P5AA10TL  | 0.077 |  10.368 |   12.843 | 
     | ACT3/U2874                             | A ^ -> Y v   | NOR2XBX0P5MA10TL | 0.073 |  10.442 |   12.916 | 
     | ACT3/U2875                             | A v -> Y ^   | NAND2X0P5AA10TL  | 0.085 |  10.527 |   13.001 | 
     | ACT3/U2876                             | A ^ -> Y v   | NOR2XBX0P5MA10TL | 0.103 |  10.630 |   13.104 | 
     | ACT3/U2877                             | A v -> Y ^   | NAND2X0P5AA10TL  | 0.146 |  10.776 |   13.250 | 
     | ACT3/U2878                             | A ^ -> Y v   | NOR2XBX0P5MA10TL | 0.116 |  10.892 |   13.367 | 
     | ACT3/U2879                             | A v -> Y ^   | NAND2X0P5AA10TL  | 0.118 |  11.010 |   13.484 | 
     | ACT3/U2880                             | A ^ -> Y v   | NOR2XBX0P5MA10TL | 0.104 |  11.114 |   13.589 | 
     | ACT3/U2883                             | A0 v -> Y ^  | AOI22X1MA10TL    | 0.377 |  11.491 |   13.965 | 
     | ACT3/U19                               | A1 ^ -> Y v  | AOI32X1MA10TL    | 0.108 |  11.599 |   14.073 | 
     | DENSE5/FE_OFC6450_act3_y_553           | A v -> Y ^   | INVX1MA10TL      | 0.312 |  11.911 |   14.385 | 
     | DENSE5/FE_OFC6451_act3_y_553           | A ^ -> Y v   | INVX3BA10TL      | 0.389 |  12.299 |   14.774 | 
     | DENSE5/FE_OFC6452_act3_y_553           | A v -> Y ^   | INVX1MA10TL      | 0.710 |  13.010 |   15.484 | 
     | DENSE5/FE_OFC6454_act3_y_553           | A ^ -> Y v   | INVX3BA10TL      | 0.332 |  13.342 |   15.816 | 
     | DENSE5/U8467                           | A v -> Y ^   | INVX0P5MA10TL    | 0.778 |  14.120 |   16.594 | 
     | DENSE5/FE_OFC11649_n45149              | A ^ -> Y ^   | BUFX1MA10TL      | 0.471 |  14.590 |   17.065 | 
     | DENSE5/FE_OFC11651_n45149              | A ^ -> Y v   | INVX1MA10TL      | 0.329 |  14.919 |   17.394 | 
     | DENSE5/FE_OFC11652_n45149              | A v -> Y ^   | INVX4BA10TL      | 0.239 |  15.158 |   17.632 | 
     | DENSE5/FE_OFC11653_n45149              | A ^ -> Y ^   | BUFX1MA10TL      | 0.851 |  16.009 |   18.484 | 
     | DENSE5/U47958                          | A1 ^ -> Y v  | AOI22X0P5MA10TL  | 0.166 |  16.175 |   18.650 | 
     | DENSE5/U47960                          | A1 v -> Y ^  | OAI22X0P5MA10TL  | 0.159 |  16.334 |   18.809 | 
     | DENSE5/U47964                          | A ^ -> Y v   | NAND2X0P5AA10TL  | 0.116 |  16.450 |   18.924 | 
     | DENSE5/U47965                          | B0 v -> Y ^  | OAI21X0P5MA10TL  | 0.104 |  16.553 |   19.028 | 
     | DENSE5/intadd_4217_U16                 | CI ^ -> CO ^ | ADDFX1MA10TL     | 0.105 |  16.659 |   19.133 | 
     | DENSE5/intadd_4217_U15                 | CI ^ -> CO ^ | ADDFX1MA10TL     | 0.084 |  16.742 |   19.217 | 
     | DENSE5/intadd_4217_U14                 | CI ^ -> S v  | ADDFX1MA10TL     | 0.122 |  16.864 |   19.339 | 
     | DENSE5/U46649                          | A v -> Y ^   | INVX0P5MA10TL    | 0.270 |  17.134 |   19.608 | 
     | DENSE5/genblk1_15__ADD/U1060           | A ^ -> CO ^  | ADDFX1MA10TL     | 0.255 |  17.389 |   19.863 | 
     | DENSE5/genblk1_15__ADD/intadd_6369_U13 | A ^ -> S v   | ADDFX1MA10TL     | 0.197 |  17.586 |   20.061 | 
     | DENSE5/genblk1_15__ADD/U962            | CI v -> S ^  | ADDFX1MA10TL     | 0.150 |  17.736 |   20.211 | 
     | DENSE5/genblk1_15__ADD/intadd_6396_U6  | A ^ -> S v   | ADDFX1MA10TL     | 0.146 |  17.882 |   20.357 | 
     | DENSE5/genblk1_15__ADD/intadd_6406_U4  | B v -> S v   | ADDFX1MA10TL     | 0.149 |  18.031 |   20.506 | 
     | DENSE5/genblk1_15__ADD/intadd_6395_U4  | B v -> S v   | ADDFX1MA10TL     | 0.148 |  18.180 |   20.654 | 
     | DENSE5/genblk1_15__ADD/intadd_6414_U2  | B v -> S ^   | ADDFX1MA10TL     | 0.147 |  18.327 |   20.802 | 
     | DENSE5/genblk1_15__ADD/intadd_6421_U3  | A ^ -> S v   | ADDFX1MA10TL     | 0.148 |  18.475 |   20.950 | 
     | DENSE5/genblk1_15__ADD/intadd_6422_U2  | A v -> S ^   | ADDFX1MA10TL     | 0.151 |  18.627 |   21.101 | 
     | DENSE5/genblk1_15__ADD/intadd_6363_U19 | B ^ -> CO ^  | ADDFX1MA10TL     | 0.098 |  18.724 |   21.199 | 
     | DENSE5/genblk1_15__ADD/intadd_6363_U18 | CI ^ -> CO ^ | ADDFX1MA10TL     | 0.097 |  18.821 |   21.296 | 
     | DENSE5/genblk1_15__ADD/intadd_6363_U17 | CI ^ -> CO ^ | ADDFX1MA10TL     | 0.094 |  18.915 |   21.389 | 
     | DENSE5/genblk1_15__ADD/intadd_6363_U16 | CI ^ -> CO ^ | ADDFX1MA10TL     | 0.090 |  19.005 |   21.480 | 
     | DENSE5/genblk1_15__ADD/intadd_6363_U15 | CI ^ -> CO ^ | ADDFX1MA10TL     | 0.086 |  19.091 |   21.566 | 
     | DENSE5/genblk1_15__ADD/intadd_6363_U14 | CI ^ -> CO ^ | ADDFX1MA10TL     | 0.092 |  19.183 |   21.658 | 
     | DENSE5/genblk1_15__ADD/intadd_6363_U13 | CI ^ -> CO ^ | ADDFX1MA10TL     | 0.090 |  19.273 |   21.747 | 
     | DENSE5/genblk1_15__ADD/intadd_6363_U12 | CI ^ -> CO ^ | ADDFX1MA10TL     | 0.117 |  19.390 |   21.864 | 
     | DENSE5/genblk1_15__ADD/intadd_6363_U11 | CI ^ -> CO ^ | ADDFX1MA10TL     | 0.098 |  19.488 |   21.962 | 
     | DENSE5/genblk1_15__ADD/intadd_6363_U10 | CI ^ -> CO ^ | ADDFX1MA10TL     | 0.081 |  19.569 |   22.043 | 
     | DENSE5/genblk1_15__ADD/intadd_6363_U9  | CI ^ -> CO ^ | ADDFX1MA10TL     | 0.110 |  19.679 |   22.153 | 
     | DENSE5/genblk1_15__ADD/intadd_6363_U8  | CI ^ -> CO ^ | ADDFX1MA10TL     | 0.091 |  19.770 |   22.245 | 
     | DENSE5/genblk1_15__ADD/intadd_6363_U7  | CI ^ -> CO ^ | ADDFX1MA10TL     | 0.087 |  19.857 |   22.331 | 
     | DENSE5/genblk1_15__ADD/intadd_6363_U6  | CI ^ -> CO ^ | ADDFX1MA10TL     | 0.084 |  19.941 |   22.415 | 
     | DENSE5/genblk1_15__ADD/intadd_6363_U5  | CI ^ -> CO ^ | ADDFX1MA10TL     | 0.080 |  20.021 |   22.496 | 
     | DENSE5/genblk1_15__ADD/intadd_6363_U4  | CI ^ -> CO ^ | ADDFX1MA10TL     | 0.085 |  20.106 |   22.581 | 
     | DENSE5/genblk1_15__ADD/intadd_6363_U3  | CI ^ -> CO ^ | ADDFX1MA10TL     | 0.080 |  20.186 |   22.661 | 
     | DENSE5/genblk1_15__ADD/intadd_6363_U2  | CI ^ -> CO ^ | ADDFX1MA10TL     | 0.066 |  20.253 |   22.727 | 
     | DENSE5/genblk1_15__ADD/U3              | A ^ -> Y v   | INVX0P5MA10TL    | 0.037 |  20.290 |   22.764 | 
     | DENSE5/genblk1_15__ADD/intadd_6407_U3  | A v -> CO v  | ADDFX1MA10TL     | 0.099 |  20.388 |   22.863 | 
     | DENSE5/genblk1_15__ADD/intadd_6407_U2  | CI v -> S ^  | ADDFX1MA10TL     | 0.125 |  20.513 |   22.987 | 
     | DENSE5/genblk1_15__ADD/U2              | A ^ -> Y v   | INVX0P5MA10TL    | 0.023 |  20.536 |   23.011 | 
     | U1194                                  | A v -> Y ^   | NOR3X0P5AA10TL   | 0.069 |  20.605 |   23.080 | 
     | U1195                                  | B ^ -> Y v   | NAND2X0P5AA10TL  | 0.038 |  20.644 |   23.118 | 
     | U1196                                  | C v -> Y ^   | NOR3X0P5AA10TL   | 0.394 |  21.038 |   23.512 | 
     | U1197                                  | A2 ^ -> Y v  | AOI31X0P5MA10TL  | 0.365 |  21.402 |   23.877 | 
     | U1198                                  | B0 v -> Y ^  | AOI31X0P5MA10TL  | 0.346 |  21.748 |   24.223 | 
     | U1215                                  | B0 ^ -> Y v  | OAI211X1MA10TL   | 0.227 |  21.975 |   24.450 | 
     | FE_OFC2567_act6_y_140                  | A v -> Y ^   | INVX1MA10TL      | 0.358 |  22.333 |   24.808 | 
     | FE_OFC2568_act6_y_140                  | A ^ -> Y v   | INVX3BA10TL      | 0.315 |  22.648 |   25.123 | 
     | y_reg_15__5_                           | D v          | DFFQX0P5MA10TL   | 0.255 |  22.904 |   25.378 | 
     +-------------------------------------------------------------------------------------------------------+ 

