###############################################################
#  Generated by:      Cadence Innovus 21.35-s114_1
#  OS:                Linux x86_64(Host ID 49abd1d7fd1a)
#  Generated on:      Mon May 22 17:15:14 2023
#  Design:            model_small_encoder
#  Command:           report_timing -max_paths 5 > ../reports/${design}.post_route.timing.rpt
###############################################################
Path 1: MET Setup Check with Pin y_reg_0__6_/CK 
Endpoint:   y_reg_0__6_/D (^) checked with  leading edge of 'clk'
Beginpoint: x[69]         (v) triggered by  leading edge of 'clk'
Path Groups: {clk}
Analysis View: WC_VIEW
Other End Arrival Time          0.320
- Setup                         0.076
+ Phase Shift                  25.000
= Required Time                25.244
- Arrival Time                 25.179
= Slack Time                    0.065
     Clock Rise Edge                      0.000
     + Input Delay                        5.000
     = Beginpoint Arrival Time            5.000
     +---------------------------------------------------------------------------------------------+ 
     |           Instance           |     Arc      |       Cell       | Delay | Arrival | Required | 
     |                              |              |                  |       |  Time   |   Time   | 
     |------------------------------+--------------+------------------+-------+---------+----------| 
     |                              | x[69] v      |                  |       |   5.000 |    5.065 | 
     | DENSE3/FE_DBTC95_x_69        | A v -> Y ^   | INVX5MA10TL      | 1.855 |   6.855 |    6.919 | 
     | DENSE3/U13273                | B0 ^ -> Y v  | AOI22X0P5MA10TL  | 0.550 |   7.404 |    7.469 | 
     | DENSE3/U13275                | A1 v -> Y ^  | AOI22X0P5MA10TL  | 0.376 |   7.780 |    7.844 | 
     | DENSE3/U36709                | B ^ -> S v   | ADDFX1MA10TL     | 0.196 |   7.976 |    8.040 | 
     | DENSE3/U36810                | CI v -> S v  | ADDFX1MA10TL     | 0.117 |   8.093 |    8.158 | 
     | DENSE3/U13280                | A v -> Y ^   | INVX0P5MA10TL    | 0.056 |   8.149 |    8.214 | 
     | DENSE3/intadd_464_U4         | B ^ -> S v   | ADDFX1MA10TL     | 0.129 |   8.278 |    8.343 | 
     | DENSE3/U12950                | A v -> Y ^   | INVX0P5MA10TL    | 0.060 |   8.338 |    8.403 | 
     | DENSE3/intadd_698_U2         | A ^ -> S v   | ADDFX1MA10TL     | 0.153 |   8.491 |    8.556 | 
     | DENSE3/U37013                | A v -> S ^   | ADDFX1MA10TL     | 0.153 |   8.644 |    8.709 | 
     | DENSE3/intadd_119_U5         | A ^ -> S v   | ADDFX1MA10TL     | 0.145 |   8.789 |    8.854 | 
     | DENSE3/intadd_415_U3         | A v -> S ^   | ADDFX1MA10TL     | 0.185 |   8.974 |    9.039 | 
     | DENSE3/intadd_72_U4          | A ^ -> S v   | ADDFX1MA10TL     | 0.149 |   9.124 |    9.188 | 
     | DENSE3/U11993                | A v -> Y ^   | INVX0P5MA10TL    | 0.057 |   9.181 |    9.246 | 
     | DENSE3/intadd_91_U2          | B ^ -> CO ^  | ADDFX1MA10TL     | 0.079 |   9.260 |    9.324 | 
     | DENSE3/U11981                | A ^ -> Y v   | INVX0P5MA10TL    | 0.434 |   9.694 |    9.758 | 
     | DENSE3/intadd_72_U3          | A v -> CO v  | ADDFX1MA10TL     | 0.280 |   9.973 |   10.038 | 
     | DENSE3/intadd_72_U2          | CI v -> CO v | ADDFX1MA10TL     | 0.095 |  10.069 |   10.133 | 
     | DENSE3/intadd_5_U10          | A v -> CO v  | ADDFX1MA10TL     | 0.112 |  10.181 |   10.245 | 
     | DENSE3/intadd_5_U9           | CI v -> CO v | ADDFX1MA10TL     | 0.089 |  10.269 |   10.334 | 
     | DENSE3/intadd_5_U8           | CI v -> CO v | ADDFX1MA10TL     | 0.087 |  10.357 |   10.421 | 
     | DENSE3/intadd_5_U7           | CI v -> CO v | ADDFX1MA10TL     | 0.085 |  10.441 |   10.506 | 
     | DENSE3/intadd_5_U6           | CI v -> CO v | ADDFX1MA10TL     | 0.099 |  10.540 |   10.605 | 
     | DENSE3/intadd_5_U5           | CI v -> CO v | ADDFX1MA10TL     | 0.087 |  10.627 |   10.692 | 
     | DENSE3/intadd_5_U4           | CI v -> CO v | ADDFX1MA10TL     | 0.085 |  10.712 |   10.777 | 
     | DENSE3/intadd_5_U3           | CI v -> CO v | ADDFX1MA10TL     | 0.085 |  10.797 |   10.862 | 
     | DENSE3/intadd_5_U2           | CI v -> CO v | ADDFX1MA10TL     | 0.110 |  10.907 |   10.972 | 
     | U12239                       | A v -> Y ^   | INVX0P5MA10TL    | 0.326 |  11.234 |   11.298 | 
     | U12245                       | C ^ -> Y ^   | AND3X0P5MA10TL   | 0.126 |  11.360 |   11.424 | 
     | U12246                       | A ^ -> Y v   | NAND2X0P5AA10TL  | 0.080 |  11.439 |   11.504 | 
     | U12247                       | B v -> Y ^   | NOR2X0P5AA10TL   | 0.110 |  11.550 |   11.614 | 
     | U12248                       | A ^ -> Y v   | NAND2X0P5AA10TL  | 0.095 |  11.645 |   11.709 | 
     | U12249                       | B v -> Y ^   | NOR2X0P5AA10TL   | 0.124 |  11.769 |   11.833 | 
     | U12250                       | A ^ -> Y v   | NAND2X0P5AA10TL  | 0.170 |  11.939 |   12.003 | 
     | U12251                       | B v -> Y ^   | NOR2X0P5AA10TL   | 0.154 |  12.092 |   12.157 | 
     | U12252                       | A ^ -> Y v   | NAND2X0P5AA10TL  | 0.104 |  12.197 |   12.261 | 
     | U12253                       | B v -> Y ^   | NOR2X0P5AA10TL   | 0.118 |  12.315 |   12.379 | 
     | U1495                        | A ^ -> Y v   | NAND2X0P5AA10TL  | 0.102 |  12.416 |   12.481 | 
     | U12254                       | B v -> Y ^   | NOR2X0P5AA10TL   | 0.121 |  12.537 |   12.602 | 
     | U12255                       | A ^ -> Y v   | NAND2X0P5AA10TL  | 0.110 |  12.647 |   12.712 | 
     | U12256                       | B v -> Y ^   | NOR2X0P5AA10TL   | 0.190 |  12.837 |   12.902 | 
     | U12257                       | A1 ^ -> Y v  | AOI211X0P5MA10TL | 0.190 |  13.028 |   13.092 | 
     | U12259                       | A v -> Y ^   | NAND2X0P5AA10TL  | 0.067 |  13.094 |   13.159 | 
     | U12260                       | C ^ -> Y v   | NOR3X0P5AA10TL   | 0.110 |  13.204 |   13.269 | 
     | U12261                       | B v -> Y ^   | NOR2X1AA10TL     | 0.420 |  13.624 |   13.689 | 
     | FE_OFC481_ACT4_N70           | A ^ -> Y ^   | BUFX1MA10TL      | 0.508 |  14.132 |   14.197 | 
     | FE_OFC482_ACT4_N70           | A ^ -> Y v   | INVX0P6BA10TL    | 0.266 |  14.399 |   14.463 | 
     | FE_OFC483_ACT4_N70           | A v -> Y ^   | INVX7P5BA10TL    | 0.208 |  14.607 |   14.671 | 
     | FE_DBTC6_ACT4_N70            | A ^ -> Y v   | INVX4BA10TL      | 0.720 |  15.327 |   15.391 | 
     | U13382                       | B1 v -> Y ^  | AOI32X0P5MA10TL  | 0.621 |  15.948 |   16.012 | 
     | DENSE5/FE_OFC1072_act4_y_138 | A ^ -> Y v   | INVX1MA10TL      | 0.348 |  16.296 |   16.360 | 
     | DENSE5/FE_OFC1073_act4_y_138 | A v -> Y ^   | INVX7P5BA10TL    | 0.271 |  16.566 |   16.631 | 
     | DENSE5/U6                    | A ^ -> Y v   | INVX4BA10TL      | 0.939 |  17.505 |   17.570 | 
     | DENSE5/U32828                | B v -> Y ^   | NOR2X0P5AA10TL   | 0.247 |  17.753 |   17.817 | 
     | DENSE5/U32829                | A ^ -> Y v   | INVX0P5MA10TL    | 0.038 |  17.791 |   17.855 | 
     | DENSE5/U32831                | A1 v -> Y ^  | AOI32X0P5MA10TL  | 0.904 |  18.695 |   18.759 | 
     | DENSE5/U42533                | B ^ -> S v   | ADDFX1MA10TL     | 0.240 |  18.935 |   19.000 | 
     | DENSE5/U42534                | A v -> Y ^   | INVX0P5MA10TL    | 0.064 |  18.999 |   19.064 | 
     | DENSE5/U42544                | A ^ -> CO ^  | ADDFX1MA10TL     | 0.127 |  19.126 |   19.191 | 
     | DENSE5/U42545                | A ^ -> Y v   | INVX0P5MA10TL    | 0.058 |  19.185 |   19.249 | 
     | DENSE5/U42550                | B v -> CO v  | ADDFX1MA10TL     | 0.101 |  19.286 |   19.350 | 
     | DENSE5/intadd_2574_U3        | A v -> CO v  | ADDFX1MA10TL     | 0.101 |  19.386 |   19.451 | 
     | DENSE5/intadd_2574_U2        | CI v -> S v  | ADDFX1MA10TL     | 0.133 |  19.520 |   19.584 | 
     | DENSE5/U42604                | A v -> S ^   | ADDFX1MA10TL     | 0.167 |  19.687 |   19.752 | 
     | DENSE5/intadd_1397_U5        | A ^ -> S v   | ADDFX1MA10TL     | 0.135 |  19.822 |   19.887 | 
     | DENSE5/U32063                | A v -> Y ^   | INVX0P5MA10TL    | 0.054 |  19.877 |   19.941 | 
     | DENSE5/intadd_1950_U3        | A ^ -> S v   | ADDFX1MA10TL     | 0.141 |  20.017 |   20.082 | 
     | DENSE5/U32054                | A v -> Y ^   | INVX0P5MA10TL    | 0.080 |  20.097 |   20.162 | 
     | DENSE5/intadd_1592_U2        | B ^ -> S v   | ADDFX1MA10TL     | 0.153 |  20.250 |   20.315 | 
     | DENSE5/intadd_1216_U9        | B v -> CO v  | ADDFX1MA10TL     | 0.178 |  20.428 |   20.493 | 
     | DENSE5/intadd_1216_U8        | CI v -> CO v | ADDFX1MA10TL     | 0.126 |  20.555 |   20.619 | 
     | DENSE5/intadd_1216_U7        | CI v -> CO v | ADDFX1MA10TL     | 0.102 |  20.656 |   20.721 | 
     | DENSE5/intadd_1216_U6        | CI v -> CO v | ADDFX1MA10TL     | 0.113 |  20.769 |   20.833 | 
     | DENSE5/intadd_1216_U5        | CI v -> CO v | ADDFX1MA10TL     | 0.113 |  20.882 |   20.946 | 
     | DENSE5/intadd_1216_U4        | CI v -> CO v | ADDFX1MA10TL     | 0.094 |  20.975 |   21.040 | 
     | DENSE5/intadd_1216_U3        | CI v -> CO v | ADDFX1MA10TL     | 0.091 |  21.066 |   21.130 | 
     | DENSE5/intadd_1216_U2        | CI v -> CO v | ADDFX1MA10TL     | 0.076 |  21.142 |   21.206 | 
     | DENSE5/U4462                 | A v -> Y ^   | INVX0P5MA10TL    | 0.054 |  21.196 |   21.261 | 
     | DENSE5/intadd_1215_U6        | A ^ -> CO ^  | ADDFX1MA10TL     | 0.106 |  21.302 |   21.366 | 
     | DENSE5/intadd_1215_U5        | CI ^ -> CO ^ | ADDFX1MA10TL     | 0.087 |  21.389 |   21.453 | 
     | DENSE5/intadd_1215_U4        | CI ^ -> CO ^ | ADDFX1MA10TL     | 0.133 |  21.522 |   21.586 | 
     | DENSE5/intadd_1215_U3        | CI ^ -> CO ^ | ADDFX1MA10TL     | 0.111 |  21.633 |   21.697 | 
     | DENSE5/intadd_1215_U2        | CI ^ -> CO ^ | ADDFX1MA10TL     | 0.080 |  21.713 |   21.778 | 
     | DENSE5/U4273                 | A ^ -> Y v   | INVX0P5MA10TL    | 0.042 |  21.755 |   21.819 | 
     | DENSE5/intadd_1208_U7        | A v -> CO v  | ADDFX1MA10TL     | 0.097 |  21.852 |   21.917 | 
     | DENSE5/intadd_1208_U6        | CI v -> CO v | ADDFX1MA10TL     | 0.086 |  21.938 |   22.002 | 
     | DENSE5/intadd_1208_U5        | CI v -> CO v | ADDFX1MA10TL     | 0.085 |  22.023 |   22.087 | 
     | DENSE5/intadd_1208_U4        | CI v -> CO v | ADDFX1MA10TL     | 0.082 |  22.105 |   22.170 | 
     | DENSE5/intadd_1208_U3        | CI v -> CO v | ADDFX1MA10TL     | 0.083 |  22.187 |   22.252 | 
     | DENSE5/intadd_1208_U2        | CI v -> CO v | ADDFX1MA10TL     | 0.144 |  22.331 |   22.396 | 
     | U12524                       | A v -> Y ^   | INVX0P5MA10TL    | 0.223 |  22.554 |   22.619 | 
     | U12531                       | C ^ -> Y v   | NAND3X0P5MA10TL  | 0.094 |  22.649 |   22.713 | 
     | U12532                       | A v -> Y ^   | INVX0P5MA10TL    | 0.067 |  22.715 |   22.780 | 
     | U12533                       | A ^ -> Y v   | NAND2X0P5AA10TL  | 0.069 |  22.785 |   22.850 | 
     | U12534                       | B v -> Y ^   | NOR2X0P5AA10TL   | 0.105 |  22.890 |   22.955 | 
     | U12535                       | A ^ -> Y v   | NAND2X0P5AA10TL  | 0.091 |  22.981 |   23.046 | 
     | U12536                       | B v -> Y ^   | NOR2X0P5AA10TL   | 0.118 |  23.099 |   23.164 | 
     | U12537                       | A ^ -> Y v   | NAND2X0P5AA10TL  | 0.088 |  23.187 |   23.252 | 
     | U12538                       | B v -> Y ^   | NOR2X0P5AA10TL   | 0.101 |  23.289 |   23.353 | 
     | U12539                       | A ^ -> Y v   | NAND2X0P5AA10TL  | 0.085 |  23.374 |   23.438 | 
     | U12540                       | B v -> Y ^   | NOR2X0P5AA10TL   | 0.106 |  23.479 |   23.544 | 
     | U12541                       | A ^ -> Y v   | NAND2X0P5AA10TL  | 0.086 |  23.566 |   23.630 | 
     | U12542                       | B v -> Y ^   | NOR2X0P5AA10TL   | 0.101 |  23.667 |   23.731 | 
     | U12543                       | A ^ -> Y v   | NAND2X0P5AA10TL  | 0.084 |  23.750 |   23.815 | 
     | U12544                       | B v -> Y ^   | NOR2X0P5AA10TL   | 0.103 |  23.854 |   23.918 | 
     | U12545                       | A ^ -> Y v   | NAND2X0P5AA10TL  | 0.087 |  23.940 |   24.005 | 
     | U12546                       | B v -> Y ^   | NOR2X0P5AA10TL   | 0.111 |  24.051 |   24.115 | 
     | U12550                       | A0 ^ -> Y v  | AOI21X0P5MA10TL  | 0.363 |  24.413 |   24.478 | 
     | U13215                       | B1 v -> Y ^  | AOI32X0P5MA10TL  | 0.304 |  24.717 |   24.782 | 
     | FE_OFC589_act6_y_6           | A ^ -> Y ^   | BUFX1MA10TL      | 0.420 |  25.137 |   25.202 | 
     | y_reg_0__6_                  | D ^          | DFFQX0P5MA10TL   | 0.042 |  25.179 |   25.244 | 
     +---------------------------------------------------------------------------------------------+ 
Path 2: MET Setup Check with Pin y_reg_0__4_/CK 
Endpoint:   y_reg_0__4_/D (^) checked with  leading edge of 'clk'
Beginpoint: x[69]         (v) triggered by  leading edge of 'clk'
Path Groups: {clk}
Analysis View: WC_VIEW
Other End Arrival Time          0.320
- Setup                         0.076
+ Phase Shift                  25.000
= Required Time                25.244
- Arrival Time                 25.106
= Slack Time                    0.138
     Clock Rise Edge                      0.000
     + Input Delay                        5.000
     = Beginpoint Arrival Time            5.000
     +---------------------------------------------------------------------------------------------+ 
     |           Instance           |     Arc      |       Cell       | Delay | Arrival | Required | 
     |                              |              |                  |       |  Time   |   Time   | 
     |------------------------------+--------------+------------------+-------+---------+----------| 
     |                              | x[69] v      |                  |       |   5.000 |    5.138 | 
     | DENSE3/FE_DBTC95_x_69        | A v -> Y ^   | INVX5MA10TL      | 1.855 |   6.855 |    6.992 | 
     | DENSE3/U13273                | B0 ^ -> Y v  | AOI22X0P5MA10TL  | 0.550 |   7.404 |    7.542 | 
     | DENSE3/U13275                | A1 v -> Y ^  | AOI22X0P5MA10TL  | 0.376 |   7.780 |    7.918 | 
     | DENSE3/U36709                | B ^ -> S v   | ADDFX1MA10TL     | 0.196 |   7.976 |    8.113 | 
     | DENSE3/U36810                | CI v -> S v  | ADDFX1MA10TL     | 0.117 |   8.093 |    8.231 | 
     | DENSE3/U13280                | A v -> Y ^   | INVX0P5MA10TL    | 0.056 |   8.149 |    8.287 | 
     | DENSE3/intadd_464_U4         | B ^ -> S v   | ADDFX1MA10TL     | 0.129 |   8.279 |    8.416 | 
     | DENSE3/U12950                | A v -> Y ^   | INVX0P5MA10TL    | 0.060 |   8.338 |    8.476 | 
     | DENSE3/intadd_698_U2         | A ^ -> S v   | ADDFX1MA10TL     | 0.153 |   8.491 |    8.629 | 
     | DENSE3/U37013                | A v -> S ^   | ADDFX1MA10TL     | 0.153 |   8.644 |    8.782 | 
     | DENSE3/intadd_119_U5         | A ^ -> S v   | ADDFX1MA10TL     | 0.145 |   8.789 |    8.927 | 
     | DENSE3/intadd_415_U3         | A v -> S ^   | ADDFX1MA10TL     | 0.185 |   8.975 |    9.112 | 
     | DENSE3/intadd_72_U4          | A ^ -> S v   | ADDFX1MA10TL     | 0.149 |   9.124 |    9.261 | 
     | DENSE3/U11993                | A v -> Y ^   | INVX0P5MA10TL    | 0.057 |   9.181 |    9.319 | 
     | DENSE3/intadd_91_U2          | B ^ -> CO ^  | ADDFX1MA10TL     | 0.079 |   9.260 |    9.398 | 
     | DENSE3/U11981                | A ^ -> Y v   | INVX0P5MA10TL    | 0.434 |   9.694 |    9.831 | 
     | DENSE3/intadd_72_U3          | A v -> CO v  | ADDFX1MA10TL     | 0.280 |   9.973 |   10.111 | 
     | DENSE3/intadd_72_U2          | CI v -> CO v | ADDFX1MA10TL     | 0.095 |  10.069 |   10.207 | 
     | DENSE3/intadd_5_U10          | A v -> CO v  | ADDFX1MA10TL     | 0.112 |  10.181 |   10.318 | 
     | DENSE3/intadd_5_U9           | CI v -> CO v | ADDFX1MA10TL     | 0.089 |  10.269 |   10.407 | 
     | DENSE3/intadd_5_U8           | CI v -> CO v | ADDFX1MA10TL     | 0.087 |  10.357 |   10.494 | 
     | DENSE3/intadd_5_U7           | CI v -> CO v | ADDFX1MA10TL     | 0.085 |  10.441 |   10.579 | 
     | DENSE3/intadd_5_U6           | CI v -> CO v | ADDFX1MA10TL     | 0.099 |  10.540 |   10.678 | 
     | DENSE3/intadd_5_U5           | CI v -> CO v | ADDFX1MA10TL     | 0.087 |  10.627 |   10.765 | 
     | DENSE3/intadd_5_U4           | CI v -> CO v | ADDFX1MA10TL     | 0.085 |  10.712 |   10.850 | 
     | DENSE3/intadd_5_U3           | CI v -> CO v | ADDFX1MA10TL     | 0.085 |  10.797 |   10.935 | 
     | DENSE3/intadd_5_U2           | CI v -> CO v | ADDFX1MA10TL     | 0.110 |  10.907 |   11.045 | 
     | U12239                       | A v -> Y ^   | INVX0P5MA10TL    | 0.326 |  11.234 |   11.371 | 
     | U12245                       | C ^ -> Y ^   | AND3X0P5MA10TL   | 0.126 |  11.360 |   11.497 | 
     | U12246                       | A ^ -> Y v   | NAND2X0P5AA10TL  | 0.080 |  11.439 |   11.577 | 
     | U12247                       | B v -> Y ^   | NOR2X0P5AA10TL   | 0.110 |  11.550 |   11.687 | 
     | U12248                       | A ^ -> Y v   | NAND2X0P5AA10TL  | 0.095 |  11.645 |   11.782 | 
     | U12249                       | B v -> Y ^   | NOR2X0P5AA10TL   | 0.124 |  11.769 |   11.906 | 
     | U12250                       | A ^ -> Y v   | NAND2X0P5AA10TL  | 0.170 |  11.939 |   12.076 | 
     | U12251                       | B v -> Y ^   | NOR2X0P5AA10TL   | 0.154 |  12.092 |   12.230 | 
     | U12252                       | A ^ -> Y v   | NAND2X0P5AA10TL  | 0.104 |  12.197 |   12.334 | 
     | U12253                       | B v -> Y ^   | NOR2X0P5AA10TL   | 0.118 |  12.315 |   12.452 | 
     | U1495                        | A ^ -> Y v   | NAND2X0P5AA10TL  | 0.102 |  12.416 |   12.554 | 
     | U12254                       | B v -> Y ^   | NOR2X0P5AA10TL   | 0.121 |  12.537 |   12.675 | 
     | U12255                       | A ^ -> Y v   | NAND2X0P5AA10TL  | 0.110 |  12.647 |   12.785 | 
     | U12256                       | B v -> Y ^   | NOR2X0P5AA10TL   | 0.190 |  12.837 |   12.975 | 
     | U12257                       | A1 ^ -> Y v  | AOI211X0P5MA10TL | 0.190 |  13.028 |   13.165 | 
     | U12259                       | A v -> Y ^   | NAND2X0P5AA10TL  | 0.067 |  13.094 |   13.232 | 
     | U12260                       | C ^ -> Y v   | NOR3X0P5AA10TL   | 0.110 |  13.204 |   13.342 | 
     | U12261                       | B v -> Y ^   | NOR2X1AA10TL     | 0.420 |  13.624 |   13.762 | 
     | FE_OFC481_ACT4_N70           | A ^ -> Y ^   | BUFX1MA10TL      | 0.508 |  14.132 |   14.270 | 
     | FE_OFC482_ACT4_N70           | A ^ -> Y v   | INVX0P6BA10TL    | 0.266 |  14.399 |   14.536 | 
     | FE_OFC483_ACT4_N70           | A v -> Y ^   | INVX7P5BA10TL    | 0.208 |  14.607 |   14.745 | 
     | FE_DBTC6_ACT4_N70            | A ^ -> Y v   | INVX4BA10TL      | 0.720 |  15.327 |   15.465 | 
     | U13382                       | B1 v -> Y ^  | AOI32X0P5MA10TL  | 0.621 |  15.948 |   16.085 | 
     | DENSE5/FE_OFC1072_act4_y_138 | A ^ -> Y v   | INVX1MA10TL      | 0.348 |  16.296 |   16.433 | 
     | DENSE5/FE_OFC1073_act4_y_138 | A v -> Y ^   | INVX7P5BA10TL    | 0.271 |  16.566 |   16.704 | 
     | DENSE5/U6                    | A ^ -> Y v   | INVX4BA10TL      | 0.939 |  17.505 |   17.643 | 
     | DENSE5/U32828                | B v -> Y ^   | NOR2X0P5AA10TL   | 0.247 |  17.753 |   17.890 | 
     | DENSE5/U32829                | A ^ -> Y v   | INVX0P5MA10TL    | 0.038 |  17.791 |   17.928 | 
     | DENSE5/U32831                | A1 v -> Y ^  | AOI32X0P5MA10TL  | 0.904 |  18.695 |   18.832 | 
     | DENSE5/U42533                | B ^ -> S v   | ADDFX1MA10TL     | 0.240 |  18.935 |   19.073 | 
     | DENSE5/U42534                | A v -> Y ^   | INVX0P5MA10TL    | 0.064 |  18.999 |   19.137 | 
     | DENSE5/U42544                | A ^ -> CO ^  | ADDFX1MA10TL     | 0.127 |  19.126 |   19.264 | 
     | DENSE5/U42545                | A ^ -> Y v   | INVX0P5MA10TL    | 0.058 |  19.185 |   19.322 | 
     | DENSE5/U42550                | B v -> CO v  | ADDFX1MA10TL     | 0.101 |  19.286 |   19.423 | 
     | DENSE5/intadd_2574_U3        | A v -> CO v  | ADDFX1MA10TL     | 0.101 |  19.386 |   19.524 | 
     | DENSE5/intadd_2574_U2        | CI v -> S v  | ADDFX1MA10TL     | 0.133 |  19.520 |   19.658 | 
     | DENSE5/U42604                | A v -> S ^   | ADDFX1MA10TL     | 0.167 |  19.687 |   19.825 | 
     | DENSE5/intadd_1397_U5        | A ^ -> S v   | ADDFX1MA10TL     | 0.135 |  19.822 |   19.960 | 
     | DENSE5/U32063                | A v -> Y ^   | INVX0P5MA10TL    | 0.054 |  19.877 |   20.014 | 
     | DENSE5/intadd_1950_U3        | A ^ -> S v   | ADDFX1MA10TL     | 0.141 |  20.017 |   20.155 | 
     | DENSE5/U32054                | A v -> Y ^   | INVX0P5MA10TL    | 0.080 |  20.097 |   20.235 | 
     | DENSE5/intadd_1592_U2        | B ^ -> S v   | ADDFX1MA10TL     | 0.153 |  20.250 |   20.388 | 
     | DENSE5/intadd_1216_U9        | B v -> CO v  | ADDFX1MA10TL     | 0.178 |  20.428 |   20.566 | 
     | DENSE5/intadd_1216_U8        | CI v -> CO v | ADDFX1MA10TL     | 0.126 |  20.555 |   20.692 | 
     | DENSE5/intadd_1216_U7        | CI v -> CO v | ADDFX1MA10TL     | 0.102 |  20.656 |   20.794 | 
     | DENSE5/intadd_1216_U6        | CI v -> CO v | ADDFX1MA10TL     | 0.113 |  20.769 |   20.906 | 
     | DENSE5/intadd_1216_U5        | CI v -> CO v | ADDFX1MA10TL     | 0.113 |  20.882 |   21.019 | 
     | DENSE5/intadd_1216_U4        | CI v -> CO v | ADDFX1MA10TL     | 0.094 |  20.975 |   21.113 | 
     | DENSE5/intadd_1216_U3        | CI v -> CO v | ADDFX1MA10TL     | 0.091 |  21.066 |   21.203 | 
     | DENSE5/intadd_1216_U2        | CI v -> CO v | ADDFX1MA10TL     | 0.076 |  21.142 |   21.279 | 
     | DENSE5/U4462                 | A v -> Y ^   | INVX0P5MA10TL    | 0.054 |  21.196 |   21.334 | 
     | DENSE5/intadd_1215_U6        | A ^ -> CO ^  | ADDFX1MA10TL     | 0.106 |  21.302 |   21.440 | 
     | DENSE5/intadd_1215_U5        | CI ^ -> CO ^ | ADDFX1MA10TL     | 0.087 |  21.389 |   21.527 | 
     | DENSE5/intadd_1215_U4        | CI ^ -> CO ^ | ADDFX1MA10TL     | 0.133 |  21.522 |   21.659 | 
     | DENSE5/intadd_1215_U3        | CI ^ -> CO ^ | ADDFX1MA10TL     | 0.111 |  21.633 |   21.771 | 
     | DENSE5/intadd_1215_U2        | CI ^ -> CO ^ | ADDFX1MA10TL     | 0.080 |  21.713 |   21.851 | 
     | DENSE5/U4273                 | A ^ -> Y v   | INVX0P5MA10TL    | 0.042 |  21.755 |   21.893 | 
     | DENSE5/intadd_1208_U7        | A v -> CO v  | ADDFX1MA10TL     | 0.097 |  21.852 |   21.990 | 
     | DENSE5/intadd_1208_U6        | CI v -> CO v | ADDFX1MA10TL     | 0.086 |  21.938 |   22.075 | 
     | DENSE5/intadd_1208_U5        | CI v -> CO v | ADDFX1MA10TL     | 0.085 |  22.023 |   22.160 | 
     | DENSE5/intadd_1208_U4        | CI v -> CO v | ADDFX1MA10TL     | 0.082 |  22.105 |   22.243 | 
     | DENSE5/intadd_1208_U3        | CI v -> CO v | ADDFX1MA10TL     | 0.083 |  22.187 |   22.325 | 
     | DENSE5/intadd_1208_U2        | CI v -> CO v | ADDFX1MA10TL     | 0.144 |  22.331 |   22.469 | 
     | U12524                       | A v -> Y ^   | INVX0P5MA10TL    | 0.223 |  22.554 |   22.692 | 
     | U12531                       | C ^ -> Y v   | NAND3X0P5MA10TL  | 0.094 |  22.649 |   22.786 | 
     | U12532                       | A v -> Y ^   | INVX0P5MA10TL    | 0.067 |  22.715 |   22.853 | 
     | U12533                       | A ^ -> Y v   | NAND2X0P5AA10TL  | 0.069 |  22.785 |   22.923 | 
     | U12534                       | B v -> Y ^   | NOR2X0P5AA10TL   | 0.105 |  22.890 |   23.028 | 
     | U12535                       | A ^ -> Y v   | NAND2X0P5AA10TL  | 0.091 |  22.981 |   23.119 | 
     | U12536                       | B v -> Y ^   | NOR2X0P5AA10TL   | 0.118 |  23.099 |   23.237 | 
     | U12537                       | A ^ -> Y v   | NAND2X0P5AA10TL  | 0.088 |  23.187 |   23.325 | 
     | U12538                       | B v -> Y ^   | NOR2X0P5AA10TL   | 0.101 |  23.289 |   23.426 | 
     | U12539                       | A ^ -> Y v   | NAND2X0P5AA10TL  | 0.085 |  23.374 |   23.511 | 
     | U12540                       | B v -> Y ^   | NOR2X0P5AA10TL   | 0.106 |  23.479 |   23.617 | 
     | U12541                       | A ^ -> Y v   | NAND2X0P5AA10TL  | 0.086 |  23.566 |   23.703 | 
     | U12542                       | B v -> Y ^   | NOR2X0P5AA10TL   | 0.101 |  23.667 |   23.805 | 
     | U12543                       | A ^ -> Y v   | NAND2X0P5AA10TL  | 0.084 |  23.750 |   23.888 | 
     | U12544                       | B v -> Y ^   | NOR2X0P5AA10TL   | 0.103 |  23.854 |   23.991 | 
     | U12545                       | A ^ -> Y v   | NAND2X0P5AA10TL  | 0.087 |  23.940 |   24.078 | 
     | U12546                       | B v -> Y ^   | NOR2X0P5AA10TL   | 0.111 |  24.051 |   24.188 | 
     | U12550                       | A0 ^ -> Y v  | AOI21X0P5MA10TL  | 0.363 |  24.413 |   24.551 | 
     | U13218                       | B1 v -> Y ^  | AOI32X0P5MA10TL  | 0.243 |  24.656 |   24.794 | 
     | FE_OFC591_act6_y_4           | A ^ -> Y ^   | BUFX1MA10TL      | 0.411 |  25.067 |   25.205 | 
     | y_reg_0__4_                  | D ^          | DFFQX0P5MA10TL   | 0.039 |  25.106 |   25.244 | 
     +---------------------------------------------------------------------------------------------+ 
Path 3: MET Setup Check with Pin y_reg_0__7_/CK 
Endpoint:   y_reg_0__7_/D (^) checked with  leading edge of 'clk'
Beginpoint: x[69]         (v) triggered by  leading edge of 'clk'
Path Groups: {clk}
Analysis View: WC_VIEW
Other End Arrival Time          0.320
- Setup                         0.074
+ Phase Shift                  25.000
= Required Time                25.246
- Arrival Time                 25.094
= Slack Time                    0.152
     Clock Rise Edge                      0.000
     + Input Delay                        5.000
     = Beginpoint Arrival Time            5.000
     +---------------------------------------------------------------------------------------------+ 
     |           Instance           |     Arc      |       Cell       | Delay | Arrival | Required | 
     |                              |              |                  |       |  Time   |   Time   | 
     |------------------------------+--------------+------------------+-------+---------+----------| 
     |                              | x[69] v      |                  |       |   5.000 |    5.152 | 
     | DENSE3/FE_DBTC95_x_69        | A v -> Y ^   | INVX5MA10TL      | 1.855 |   6.855 |    7.007 | 
     | DENSE3/U13273                | B0 ^ -> Y v  | AOI22X0P5MA10TL  | 0.550 |   7.404 |    7.556 | 
     | DENSE3/U13275                | A1 v -> Y ^  | AOI22X0P5MA10TL  | 0.376 |   7.780 |    7.932 | 
     | DENSE3/U36709                | B ^ -> S v   | ADDFX1MA10TL     | 0.196 |   7.976 |    8.128 | 
     | DENSE3/U36810                | CI v -> S v  | ADDFX1MA10TL     | 0.117 |   8.093 |    8.245 | 
     | DENSE3/U13280                | A v -> Y ^   | INVX0P5MA10TL    | 0.056 |   8.149 |    8.301 | 
     | DENSE3/intadd_464_U4         | B ^ -> S v   | ADDFX1MA10TL     | 0.129 |   8.278 |    8.431 | 
     | DENSE3/U12950                | A v -> Y ^   | INVX0P5MA10TL    | 0.060 |   8.338 |    8.490 | 
     | DENSE3/intadd_698_U2         | A ^ -> S v   | ADDFX1MA10TL     | 0.153 |   8.491 |    8.643 | 
     | DENSE3/U37013                | A v -> S ^   | ADDFX1MA10TL     | 0.153 |   8.644 |    8.796 | 
     | DENSE3/intadd_119_U5         | A ^ -> S v   | ADDFX1MA10TL     | 0.145 |   8.789 |    8.941 | 
     | DENSE3/intadd_415_U3         | A v -> S ^   | ADDFX1MA10TL     | 0.185 |   8.974 |    9.127 | 
     | DENSE3/intadd_72_U4          | A ^ -> S v   | ADDFX1MA10TL     | 0.149 |   9.124 |    9.276 | 
     | DENSE3/U11993                | A v -> Y ^   | INVX0P5MA10TL    | 0.057 |   9.181 |    9.333 | 
     | DENSE3/intadd_91_U2          | B ^ -> CO ^  | ADDFX1MA10TL     | 0.079 |   9.260 |    9.412 | 
     | DENSE3/U11981                | A ^ -> Y v   | INVX0P5MA10TL    | 0.434 |   9.694 |    9.846 | 
     | DENSE3/intadd_72_U3          | A v -> CO v  | ADDFX1MA10TL     | 0.280 |   9.973 |   10.125 | 
     | DENSE3/intadd_72_U2          | CI v -> CO v | ADDFX1MA10TL     | 0.095 |  10.069 |   10.221 | 
     | DENSE3/intadd_5_U10          | A v -> CO v  | ADDFX1MA10TL     | 0.112 |  10.181 |   10.333 | 
     | DENSE3/intadd_5_U9           | CI v -> CO v | ADDFX1MA10TL     | 0.089 |  10.269 |   10.421 | 
     | DENSE3/intadd_5_U8           | CI v -> CO v | ADDFX1MA10TL     | 0.087 |  10.357 |   10.509 | 
     | DENSE3/intadd_5_U7           | CI v -> CO v | ADDFX1MA10TL     | 0.085 |  10.441 |   10.593 | 
     | DENSE3/intadd_5_U6           | CI v -> CO v | ADDFX1MA10TL     | 0.099 |  10.540 |   10.692 | 
     | DENSE3/intadd_5_U5           | CI v -> CO v | ADDFX1MA10TL     | 0.087 |  10.627 |   10.779 | 
     | DENSE3/intadd_5_U4           | CI v -> CO v | ADDFX1MA10TL     | 0.085 |  10.712 |   10.864 | 
     | DENSE3/intadd_5_U3           | CI v -> CO v | ADDFX1MA10TL     | 0.085 |  10.797 |   10.949 | 
     | DENSE3/intadd_5_U2           | CI v -> CO v | ADDFX1MA10TL     | 0.110 |  10.907 |   11.059 | 
     | U12239                       | A v -> Y ^   | INVX0P5MA10TL    | 0.326 |  11.234 |   11.386 | 
     | U12245                       | C ^ -> Y ^   | AND3X0P5MA10TL   | 0.126 |  11.360 |   11.512 | 
     | U12246                       | A ^ -> Y v   | NAND2X0P5AA10TL  | 0.080 |  11.439 |   11.591 | 
     | U12247                       | B v -> Y ^   | NOR2X0P5AA10TL   | 0.110 |  11.550 |   11.702 | 
     | U12248                       | A ^ -> Y v   | NAND2X0P5AA10TL  | 0.095 |  11.645 |   11.797 | 
     | U12249                       | B v -> Y ^   | NOR2X0P5AA10TL   | 0.124 |  11.769 |   11.921 | 
     | U12250                       | A ^ -> Y v   | NAND2X0P5AA10TL  | 0.170 |  11.939 |   12.091 | 
     | U12251                       | B v -> Y ^   | NOR2X0P5AA10TL   | 0.154 |  12.092 |   12.244 | 
     | U12252                       | A ^ -> Y v   | NAND2X0P5AA10TL  | 0.104 |  12.197 |   12.349 | 
     | U12253                       | B v -> Y ^   | NOR2X0P5AA10TL   | 0.118 |  12.315 |   12.467 | 
     | U1495                        | A ^ -> Y v   | NAND2X0P5AA10TL  | 0.102 |  12.416 |   12.568 | 
     | U12254                       | B v -> Y ^   | NOR2X0P5AA10TL   | 0.121 |  12.537 |   12.689 | 
     | U12255                       | A ^ -> Y v   | NAND2X0P5AA10TL  | 0.110 |  12.647 |   12.799 | 
     | U12256                       | B v -> Y ^   | NOR2X0P5AA10TL   | 0.190 |  12.837 |   12.989 | 
     | U12257                       | A1 ^ -> Y v  | AOI211X0P5MA10TL | 0.190 |  13.028 |   13.180 | 
     | U12259                       | A v -> Y ^   | NAND2X0P5AA10TL  | 0.067 |  13.094 |   13.246 | 
     | U12260                       | C ^ -> Y v   | NOR3X0P5AA10TL   | 0.110 |  13.204 |   13.356 | 
     | U12261                       | B v -> Y ^   | NOR2X1AA10TL     | 0.420 |  13.624 |   13.776 | 
     | FE_OFC481_ACT4_N70           | A ^ -> Y ^   | BUFX1MA10TL      | 0.508 |  14.132 |   14.284 | 
     | FE_OFC482_ACT4_N70           | A ^ -> Y v   | INVX0P6BA10TL    | 0.266 |  14.399 |   14.551 | 
     | FE_OFC483_ACT4_N70           | A v -> Y ^   | INVX7P5BA10TL    | 0.208 |  14.607 |   14.759 | 
     | FE_DBTC6_ACT4_N70            | A ^ -> Y v   | INVX4BA10TL      | 0.720 |  15.327 |   15.479 | 
     | U13382                       | B1 v -> Y ^  | AOI32X0P5MA10TL  | 0.621 |  15.948 |   16.100 | 
     | DENSE5/FE_OFC1072_act4_y_138 | A ^ -> Y v   | INVX1MA10TL      | 0.348 |  16.296 |   16.448 | 
     | DENSE5/FE_OFC1073_act4_y_138 | A v -> Y ^   | INVX7P5BA10TL    | 0.271 |  16.566 |   16.718 | 
     | DENSE5/U6                    | A ^ -> Y v   | INVX4BA10TL      | 0.939 |  17.505 |   17.657 | 
     | DENSE5/U32828                | B v -> Y ^   | NOR2X0P5AA10TL   | 0.247 |  17.753 |   17.905 | 
     | DENSE5/U32829                | A ^ -> Y v   | INVX0P5MA10TL    | 0.038 |  17.791 |   17.943 | 
     | DENSE5/U32831                | A1 v -> Y ^  | AOI32X0P5MA10TL  | 0.904 |  18.695 |   18.847 | 
     | DENSE5/U42533                | B ^ -> S v   | ADDFX1MA10TL     | 0.240 |  18.935 |   19.087 | 
     | DENSE5/U42534                | A v -> Y ^   | INVX0P5MA10TL    | 0.064 |  18.999 |   19.151 | 
     | DENSE5/U42544                | A ^ -> CO ^  | ADDFX1MA10TL     | 0.127 |  19.126 |   19.278 | 
     | DENSE5/U42545                | A ^ -> Y v   | INVX0P5MA10TL    | 0.058 |  19.185 |   19.337 | 
     | DENSE5/U42550                | B v -> CO v  | ADDFX1MA10TL     | 0.101 |  19.286 |   19.438 | 
     | DENSE5/intadd_2574_U3        | A v -> CO v  | ADDFX1MA10TL     | 0.101 |  19.386 |   19.538 | 
     | DENSE5/intadd_2574_U2        | CI v -> S v  | ADDFX1MA10TL     | 0.133 |  19.520 |   19.672 | 
     | DENSE5/U42604                | A v -> S ^   | ADDFX1MA10TL     | 0.167 |  19.687 |   19.839 | 
     | DENSE5/intadd_1397_U5        | A ^ -> S v   | ADDFX1MA10TL     | 0.135 |  19.822 |   19.974 | 
     | DENSE5/U32063                | A v -> Y ^   | INVX0P5MA10TL    | 0.054 |  19.877 |   20.029 | 
     | DENSE5/intadd_1950_U3        | A ^ -> S v   | ADDFX1MA10TL     | 0.141 |  20.017 |   20.169 | 
     | DENSE5/U32054                | A v -> Y ^   | INVX0P5MA10TL    | 0.080 |  20.097 |   20.249 | 
     | DENSE5/intadd_1592_U2        | B ^ -> S v   | ADDFX1MA10TL     | 0.153 |  20.250 |   20.402 | 
     | DENSE5/intadd_1216_U9        | B v -> CO v  | ADDFX1MA10TL     | 0.178 |  20.428 |   20.580 | 
     | DENSE5/intadd_1216_U8        | CI v -> CO v | ADDFX1MA10TL     | 0.126 |  20.555 |   20.707 | 
     | DENSE5/intadd_1216_U7        | CI v -> CO v | ADDFX1MA10TL     | 0.102 |  20.656 |   20.808 | 
     | DENSE5/intadd_1216_U6        | CI v -> CO v | ADDFX1MA10TL     | 0.113 |  20.769 |   20.921 | 
     | DENSE5/intadd_1216_U5        | CI v -> CO v | ADDFX1MA10TL     | 0.113 |  20.882 |   21.034 | 
     | DENSE5/intadd_1216_U4        | CI v -> CO v | ADDFX1MA10TL     | 0.094 |  20.975 |   21.127 | 
     | DENSE5/intadd_1216_U3        | CI v -> CO v | ADDFX1MA10TL     | 0.091 |  21.066 |   21.218 | 
     | DENSE5/intadd_1216_U2        | CI v -> CO v | ADDFX1MA10TL     | 0.076 |  21.142 |   21.294 | 
     | DENSE5/U4462                 | A v -> Y ^   | INVX0P5MA10TL    | 0.054 |  21.196 |   21.348 | 
     | DENSE5/intadd_1215_U6        | A ^ -> CO ^  | ADDFX1MA10TL     | 0.106 |  21.302 |   21.454 | 
     | DENSE5/intadd_1215_U5        | CI ^ -> CO ^ | ADDFX1MA10TL     | 0.087 |  21.389 |   21.541 | 
     | DENSE5/intadd_1215_U4        | CI ^ -> CO ^ | ADDFX1MA10TL     | 0.133 |  21.522 |   21.674 | 
     | DENSE5/intadd_1215_U3        | CI ^ -> CO ^ | ADDFX1MA10TL     | 0.111 |  21.633 |   21.785 | 
     | DENSE5/intadd_1215_U2        | CI ^ -> CO ^ | ADDFX1MA10TL     | 0.080 |  21.713 |   21.865 | 
     | DENSE5/U4273                 | A ^ -> Y v   | INVX0P5MA10TL    | 0.042 |  21.755 |   21.907 | 
     | DENSE5/intadd_1208_U7        | A v -> CO v  | ADDFX1MA10TL     | 0.097 |  21.852 |   22.004 | 
     | DENSE5/intadd_1208_U6        | CI v -> CO v | ADDFX1MA10TL     | 0.086 |  21.938 |   22.090 | 
     | DENSE5/intadd_1208_U5        | CI v -> CO v | ADDFX1MA10TL     | 0.085 |  22.023 |   22.175 | 
     | DENSE5/intadd_1208_U4        | CI v -> CO v | ADDFX1MA10TL     | 0.082 |  22.105 |   22.257 | 
     | DENSE5/intadd_1208_U3        | CI v -> CO v | ADDFX1MA10TL     | 0.083 |  22.187 |   22.340 | 
     | DENSE5/intadd_1208_U2        | CI v -> CO v | ADDFX1MA10TL     | 0.144 |  22.331 |   22.483 | 
     | U12524                       | A v -> Y ^   | INVX0P5MA10TL    | 0.223 |  22.554 |   22.706 | 
     | U12531                       | C ^ -> Y v   | NAND3X0P5MA10TL  | 0.094 |  22.649 |   22.801 | 
     | U12532                       | A v -> Y ^   | INVX0P5MA10TL    | 0.067 |  22.715 |   22.868 | 
     | U12533                       | A ^ -> Y v   | NAND2X0P5AA10TL  | 0.069 |  22.785 |   22.937 | 
     | U12534                       | B v -> Y ^   | NOR2X0P5AA10TL   | 0.105 |  22.890 |   23.042 | 
     | U12535                       | A ^ -> Y v   | NAND2X0P5AA10TL  | 0.091 |  22.981 |   23.134 | 
     | U12536                       | B v -> Y ^   | NOR2X0P5AA10TL   | 0.118 |  23.099 |   23.251 | 
     | U12537                       | A ^ -> Y v   | NAND2X0P5AA10TL  | 0.088 |  23.187 |   23.339 | 
     | U12538                       | B v -> Y ^   | NOR2X0P5AA10TL   | 0.101 |  23.289 |   23.441 | 
     | U12539                       | A ^ -> Y v   | NAND2X0P5AA10TL  | 0.085 |  23.374 |   23.526 | 
     | U12540                       | B v -> Y ^   | NOR2X0P5AA10TL   | 0.106 |  23.479 |   23.632 | 
     | U12541                       | A ^ -> Y v   | NAND2X0P5AA10TL  | 0.086 |  23.566 |   23.718 | 
     | U12542                       | B v -> Y ^   | NOR2X0P5AA10TL   | 0.101 |  23.667 |   23.819 | 
     | U12543                       | A ^ -> Y v   | NAND2X0P5AA10TL  | 0.084 |  23.750 |   23.903 | 
     | U12544                       | B v -> Y ^   | NOR2X0P5AA10TL   | 0.103 |  23.854 |   24.006 | 
     | U12545                       | A ^ -> Y v   | NAND2X0P5AA10TL  | 0.087 |  23.940 |   24.092 | 
     | U12546                       | B v -> Y ^   | NOR2X0P5AA10TL   | 0.111 |  24.051 |   24.203 | 
     | U12550                       | A0 ^ -> Y v  | AOI21X0P5MA10TL  | 0.363 |  24.413 |   24.566 | 
     | U13165                       | A v -> Y ^   | NAND2X0P5AA10TL  | 0.254 |  24.667 |   24.819 | 
     | FE_OFC588_act6_y_7           | A ^ -> Y ^   | BUFX1MA10TL      | 0.391 |  25.058 |   25.210 | 
     | y_reg_0__7_                  | D ^          | DFFQX0P5MA10TL   | 0.036 |  25.094 |   25.246 | 
     +---------------------------------------------------------------------------------------------+ 
Path 4: MET Setup Check with Pin y_reg_0__2_/CK 
Endpoint:   y_reg_0__2_/D (^) checked with  leading edge of 'clk'
Beginpoint: x[69]         (v) triggered by  leading edge of 'clk'
Path Groups: {clk}
Analysis View: WC_VIEW
Other End Arrival Time          0.320
- Setup                         0.079
+ Phase Shift                  25.000
= Required Time                25.241
- Arrival Time                 25.057
= Slack Time                    0.184
     Clock Rise Edge                      0.000
     + Input Delay                        5.000
     = Beginpoint Arrival Time            5.000
     +---------------------------------------------------------------------------------------------+ 
     |           Instance           |     Arc      |       Cell       | Delay | Arrival | Required | 
     |                              |              |                  |       |  Time   |   Time   | 
     |------------------------------+--------------+------------------+-------+---------+----------| 
     |                              | x[69] v      |                  |       |   5.000 |    5.184 | 
     | DENSE3/FE_DBTC95_x_69        | A v -> Y ^   | INVX5MA10TL      | 1.855 |   6.855 |    7.039 | 
     | DENSE3/U13273                | B0 ^ -> Y v  | AOI22X0P5MA10TL  | 0.550 |   7.404 |    7.589 | 
     | DENSE3/U13275                | A1 v -> Y ^  | AOI22X0P5MA10TL  | 0.376 |   7.780 |    7.964 | 
     | DENSE3/U36709                | B ^ -> S v   | ADDFX1MA10TL     | 0.196 |   7.976 |    8.160 | 
     | DENSE3/U36810                | CI v -> S v  | ADDFX1MA10TL     | 0.117 |   8.093 |    8.277 | 
     | DENSE3/U13280                | A v -> Y ^   | INVX0P5MA10TL    | 0.056 |   8.149 |    8.333 | 
     | DENSE3/intadd_464_U4         | B ^ -> S v   | ADDFX1MA10TL     | 0.129 |   8.278 |    8.463 | 
     | DENSE3/U12950                | A v -> Y ^   | INVX0P5MA10TL    | 0.060 |   8.338 |    8.523 | 
     | DENSE3/intadd_698_U2         | A ^ -> S v   | ADDFX1MA10TL     | 0.153 |   8.491 |    8.675 | 
     | DENSE3/U37013                | A v -> S ^   | ADDFX1MA10TL     | 0.153 |   8.644 |    8.828 | 
     | DENSE3/intadd_119_U5         | A ^ -> S v   | ADDFX1MA10TL     | 0.145 |   8.789 |    8.973 | 
     | DENSE3/intadd_415_U3         | A v -> S ^   | ADDFX1MA10TL     | 0.185 |   8.974 |    9.159 | 
     | DENSE3/intadd_72_U4          | A ^ -> S v   | ADDFX1MA10TL     | 0.149 |   9.124 |    9.308 | 
     | DENSE3/U11993                | A v -> Y ^   | INVX0P5MA10TL    | 0.057 |   9.181 |    9.365 | 
     | DENSE3/intadd_91_U2          | B ^ -> CO ^  | ADDFX1MA10TL     | 0.079 |   9.260 |    9.444 | 
     | DENSE3/U11981                | A ^ -> Y v   | INVX0P5MA10TL    | 0.434 |   9.694 |    9.878 | 
     | DENSE3/intadd_72_U3          | A v -> CO v  | ADDFX1MA10TL     | 0.280 |   9.973 |   10.158 | 
     | DENSE3/intadd_72_U2          | CI v -> CO v | ADDFX1MA10TL     | 0.095 |  10.069 |   10.253 | 
     | DENSE3/intadd_5_U10          | A v -> CO v  | ADDFX1MA10TL     | 0.112 |  10.181 |   10.365 | 
     | DENSE3/intadd_5_U9           | CI v -> CO v | ADDFX1MA10TL     | 0.089 |  10.269 |   10.453 | 
     | DENSE3/intadd_5_U8           | CI v -> CO v | ADDFX1MA10TL     | 0.087 |  10.357 |   10.541 | 
     | DENSE3/intadd_5_U7           | CI v -> CO v | ADDFX1MA10TL     | 0.085 |  10.441 |   10.625 | 
     | DENSE3/intadd_5_U6           | CI v -> CO v | ADDFX1MA10TL     | 0.099 |  10.540 |   10.724 | 
     | DENSE3/intadd_5_U5           | CI v -> CO v | ADDFX1MA10TL     | 0.087 |  10.627 |   10.811 | 
     | DENSE3/intadd_5_U4           | CI v -> CO v | ADDFX1MA10TL     | 0.085 |  10.712 |   10.896 | 
     | DENSE3/intadd_5_U3           | CI v -> CO v | ADDFX1MA10TL     | 0.085 |  10.797 |   10.981 | 
     | DENSE3/intadd_5_U2           | CI v -> CO v | ADDFX1MA10TL     | 0.110 |  10.907 |   11.092 | 
     | U12239                       | A v -> Y ^   | INVX0P5MA10TL    | 0.326 |  11.234 |   11.418 | 
     | U12245                       | C ^ -> Y ^   | AND3X0P5MA10TL   | 0.126 |  11.360 |   11.544 | 
     | U12246                       | A ^ -> Y v   | NAND2X0P5AA10TL  | 0.080 |  11.439 |   11.624 | 
     | U12247                       | B v -> Y ^   | NOR2X0P5AA10TL   | 0.110 |  11.550 |   11.734 | 
     | U12248                       | A ^ -> Y v   | NAND2X0P5AA10TL  | 0.095 |  11.645 |   11.829 | 
     | U12249                       | B v -> Y ^   | NOR2X0P5AA10TL   | 0.124 |  11.769 |   11.953 | 
     | U12250                       | A ^ -> Y v   | NAND2X0P5AA10TL  | 0.170 |  11.939 |   12.123 | 
     | U12251                       | B v -> Y ^   | NOR2X0P5AA10TL   | 0.154 |  12.092 |   12.277 | 
     | U12252                       | A ^ -> Y v   | NAND2X0P5AA10TL  | 0.104 |  12.197 |   12.381 | 
     | U12253                       | B v -> Y ^   | NOR2X0P5AA10TL   | 0.118 |  12.315 |   12.499 | 
     | U1495                        | A ^ -> Y v   | NAND2X0P5AA10TL  | 0.102 |  12.416 |   12.601 | 
     | U12254                       | B v -> Y ^   | NOR2X0P5AA10TL   | 0.121 |  12.537 |   12.721 | 
     | U12255                       | A ^ -> Y v   | NAND2X0P5AA10TL  | 0.110 |  12.647 |   12.831 | 
     | U12256                       | B v -> Y ^   | NOR2X0P5AA10TL   | 0.190 |  12.837 |   13.021 | 
     | U12257                       | A1 ^ -> Y v  | AOI211X0P5MA10TL | 0.190 |  13.028 |   13.212 | 
     | U12259                       | A v -> Y ^   | NAND2X0P5AA10TL  | 0.067 |  13.094 |   13.278 | 
     | U12260                       | C ^ -> Y v   | NOR3X0P5AA10TL   | 0.110 |  13.204 |   13.388 | 
     | U12261                       | B v -> Y ^   | NOR2X1AA10TL     | 0.420 |  13.624 |   13.809 | 
     | FE_OFC481_ACT4_N70           | A ^ -> Y ^   | BUFX1MA10TL      | 0.508 |  14.132 |   14.316 | 
     | FE_OFC482_ACT4_N70           | A ^ -> Y v   | INVX0P6BA10TL    | 0.266 |  14.399 |   14.583 | 
     | FE_OFC483_ACT4_N70           | A v -> Y ^   | INVX7P5BA10TL    | 0.208 |  14.607 |   14.791 | 
     | FE_DBTC6_ACT4_N70            | A ^ -> Y v   | INVX4BA10TL      | 0.720 |  15.327 |   15.511 | 
     | U13382                       | B1 v -> Y ^  | AOI32X0P5MA10TL  | 0.621 |  15.948 |   16.132 | 
     | DENSE5/FE_OFC1072_act4_y_138 | A ^ -> Y v   | INVX1MA10TL      | 0.348 |  16.296 |   16.480 | 
     | DENSE5/FE_OFC1073_act4_y_138 | A v -> Y ^   | INVX7P5BA10TL    | 0.271 |  16.566 |   16.750 | 
     | DENSE5/U6                    | A ^ -> Y v   | INVX4BA10TL      | 0.939 |  17.505 |   17.689 | 
     | DENSE5/U32828                | B v -> Y ^   | NOR2X0P5AA10TL   | 0.247 |  17.753 |   17.937 | 
     | DENSE5/U32829                | A ^ -> Y v   | INVX0P5MA10TL    | 0.038 |  17.791 |   17.975 | 
     | DENSE5/U32831                | A1 v -> Y ^  | AOI32X0P5MA10TL  | 0.904 |  18.695 |   18.879 | 
     | DENSE5/U42533                | B ^ -> S v   | ADDFX1MA10TL     | 0.240 |  18.935 |   19.119 | 
     | DENSE5/U42534                | A v -> Y ^   | INVX0P5MA10TL    | 0.064 |  18.999 |   19.183 | 
     | DENSE5/U42544                | A ^ -> CO ^  | ADDFX1MA10TL     | 0.127 |  19.126 |   19.310 | 
     | DENSE5/U42545                | A ^ -> Y v   | INVX0P5MA10TL    | 0.058 |  19.185 |   19.369 | 
     | DENSE5/U42550                | B v -> CO v  | ADDFX1MA10TL     | 0.101 |  19.286 |   19.470 | 
     | DENSE5/intadd_2574_U3        | A v -> CO v  | ADDFX1MA10TL     | 0.101 |  19.386 |   19.571 | 
     | DENSE5/intadd_2574_U2        | CI v -> S v  | ADDFX1MA10TL     | 0.133 |  19.520 |   19.704 | 
     | DENSE5/U42604                | A v -> S ^   | ADDFX1MA10TL     | 0.167 |  19.687 |   19.871 | 
     | DENSE5/intadd_1397_U5        | A ^ -> S v   | ADDFX1MA10TL     | 0.135 |  19.822 |   20.006 | 
     | DENSE5/U32063                | A v -> Y ^   | INVX0P5MA10TL    | 0.054 |  19.877 |   20.061 | 
     | DENSE5/intadd_1950_U3        | A ^ -> S v   | ADDFX1MA10TL     | 0.141 |  20.017 |   20.202 | 
     | DENSE5/U32054                | A v -> Y ^   | INVX0P5MA10TL    | 0.080 |  20.097 |   20.282 | 
     | DENSE5/intadd_1592_U2        | B ^ -> S v   | ADDFX1MA10TL     | 0.153 |  20.250 |   20.434 | 
     | DENSE5/intadd_1216_U9        | B v -> CO v  | ADDFX1MA10TL     | 0.178 |  20.428 |   20.613 | 
     | DENSE5/intadd_1216_U8        | CI v -> CO v | ADDFX1MA10TL     | 0.126 |  20.555 |   20.739 | 
     | DENSE5/intadd_1216_U7        | CI v -> CO v | ADDFX1MA10TL     | 0.102 |  20.656 |   20.840 | 
     | DENSE5/intadd_1216_U6        | CI v -> CO v | ADDFX1MA10TL     | 0.113 |  20.769 |   20.953 | 
     | DENSE5/intadd_1216_U5        | CI v -> CO v | ADDFX1MA10TL     | 0.113 |  20.882 |   21.066 | 
     | DENSE5/intadd_1216_U4        | CI v -> CO v | ADDFX1MA10TL     | 0.094 |  20.975 |   21.159 | 
     | DENSE5/intadd_1216_U3        | CI v -> CO v | ADDFX1MA10TL     | 0.091 |  21.066 |   21.250 | 
     | DENSE5/intadd_1216_U2        | CI v -> CO v | ADDFX1MA10TL     | 0.076 |  21.142 |   21.326 | 
     | DENSE5/U4462                 | A v -> Y ^   | INVX0P5MA10TL    | 0.054 |  21.196 |   21.380 | 
     | DENSE5/intadd_1215_U6        | A ^ -> CO ^  | ADDFX1MA10TL     | 0.106 |  21.302 |   21.486 | 
     | DENSE5/intadd_1215_U5        | CI ^ -> CO ^ | ADDFX1MA10TL     | 0.087 |  21.389 |   21.573 | 
     | DENSE5/intadd_1215_U4        | CI ^ -> CO ^ | ADDFX1MA10TL     | 0.133 |  21.522 |   21.706 | 
     | DENSE5/intadd_1215_U3        | CI ^ -> CO ^ | ADDFX1MA10TL     | 0.111 |  21.633 |   21.817 | 
     | DENSE5/intadd_1215_U2        | CI ^ -> CO ^ | ADDFX1MA10TL     | 0.080 |  21.713 |   21.898 | 
     | DENSE5/U4273                 | A ^ -> Y v   | INVX0P5MA10TL    | 0.042 |  21.755 |   21.939 | 
     | DENSE5/intadd_1208_U7        | A v -> CO v  | ADDFX1MA10TL     | 0.097 |  21.852 |   22.036 | 
     | DENSE5/intadd_1208_U6        | CI v -> CO v | ADDFX1MA10TL     | 0.086 |  21.938 |   22.122 | 
     | DENSE5/intadd_1208_U5        | CI v -> CO v | ADDFX1MA10TL     | 0.085 |  22.023 |   22.207 | 
     | DENSE5/intadd_1208_U4        | CI v -> CO v | ADDFX1MA10TL     | 0.082 |  22.105 |   22.289 | 
     | DENSE5/intadd_1208_U3        | CI v -> CO v | ADDFX1MA10TL     | 0.083 |  22.187 |   22.372 | 
     | DENSE5/intadd_1208_U2        | CI v -> CO v | ADDFX1MA10TL     | 0.144 |  22.331 |   22.516 | 
     | U12524                       | A v -> Y ^   | INVX0P5MA10TL    | 0.223 |  22.554 |   22.738 | 
     | U12531                       | C ^ -> Y v   | NAND3X0P5MA10TL  | 0.094 |  22.649 |   22.833 | 
     | U12532                       | A v -> Y ^   | INVX0P5MA10TL    | 0.067 |  22.715 |   22.900 | 
     | U12533                       | A ^ -> Y v   | NAND2X0P5AA10TL  | 0.069 |  22.785 |   22.969 | 
     | U12534                       | B v -> Y ^   | NOR2X0P5AA10TL   | 0.105 |  22.890 |   23.074 | 
     | U12535                       | A ^ -> Y v   | NAND2X0P5AA10TL  | 0.091 |  22.981 |   23.166 | 
     | U12536                       | B v -> Y ^   | NOR2X0P5AA10TL   | 0.118 |  23.099 |   23.283 | 
     | U12537                       | A ^ -> Y v   | NAND2X0P5AA10TL  | 0.088 |  23.187 |   23.372 | 
     | U12538                       | B v -> Y ^   | NOR2X0P5AA10TL   | 0.101 |  23.289 |   23.473 | 
     | U12539                       | A ^ -> Y v   | NAND2X0P5AA10TL  | 0.085 |  23.374 |   23.558 | 
     | U12540                       | B v -> Y ^   | NOR2X0P5AA10TL   | 0.106 |  23.479 |   23.664 | 
     | U12541                       | A ^ -> Y v   | NAND2X0P5AA10TL  | 0.086 |  23.566 |   23.750 | 
     | U12542                       | B v -> Y ^   | NOR2X0P5AA10TL   | 0.101 |  23.667 |   23.851 | 
     | U12543                       | A ^ -> Y v   | NAND2X0P5AA10TL  | 0.084 |  23.750 |   23.935 | 
     | U12544                       | B v -> Y ^   | NOR2X0P5AA10TL   | 0.103 |  23.854 |   24.038 | 
     | U12545                       | A ^ -> Y v   | NAND2X0P5AA10TL  | 0.087 |  23.940 |   24.124 | 
     | U12546                       | B v -> Y ^   | NOR2X0P5AA10TL   | 0.111 |  24.051 |   24.235 | 
     | U12550                       | A0 ^ -> Y v  | AOI21X0P5MA10TL  | 0.363 |  24.413 |   24.598 | 
     | U1562                        | B1 v -> Y ^  | AOI32X0P5MA10TL  | 0.160 |  24.573 |   24.757 | 
     | FE_OFC593_act6_y_2           | A ^ -> Y ^   | BUFX1MA10TL      | 0.431 |  25.004 |   25.188 | 
     | y_reg_0__2_                  | D ^          | DFFQX0P5MA10TL   | 0.053 |  25.057 |   25.241 | 
     +---------------------------------------------------------------------------------------------+ 
Path 5: MET Setup Check with Pin y_reg_0__14_/CK 
Endpoint:   y_reg_0__14_/D (^) checked with  leading edge of 'clk'
Beginpoint: x[69]          (v) triggered by  leading edge of 'clk'
Path Groups: {clk}
Analysis View: WC_VIEW
Other End Arrival Time          0.320
- Setup                         0.078
+ Phase Shift                  25.000
= Required Time                25.242
- Arrival Time                 25.043
= Slack Time                    0.199
     Clock Rise Edge                      0.000
     + Input Delay                        5.000
     = Beginpoint Arrival Time            5.000
     +---------------------------------------------------------------------------------------------+ 
     |           Instance           |     Arc      |       Cell       | Delay | Arrival | Required | 
     |                              |              |                  |       |  Time   |   Time   | 
     |------------------------------+--------------+------------------+-------+---------+----------| 
     |                              | x[69] v      |                  |       |   5.000 |    5.199 | 
     | DENSE3/FE_DBTC95_x_69        | A v -> Y ^   | INVX5MA10TL      | 1.855 |   6.855 |    7.054 | 
     | DENSE3/U13273                | B0 ^ -> Y v  | AOI22X0P5MA10TL  | 0.550 |   7.404 |    7.603 | 
     | DENSE3/U13275                | A1 v -> Y ^  | AOI22X0P5MA10TL  | 0.376 |   7.780 |    7.979 | 
     | DENSE3/U36709                | B ^ -> S v   | ADDFX1MA10TL     | 0.196 |   7.976 |    8.175 | 
     | DENSE3/U36810                | CI v -> S v  | ADDFX1MA10TL     | 0.117 |   8.093 |    8.292 | 
     | DENSE3/U13280                | A v -> Y ^   | INVX0P5MA10TL    | 0.056 |   8.149 |    8.348 | 
     | DENSE3/intadd_464_U4         | B ^ -> S v   | ADDFX1MA10TL     | 0.129 |   8.279 |    8.477 | 
     | DENSE3/U12950                | A v -> Y ^   | INVX0P5MA10TL    | 0.060 |   8.338 |    8.537 | 
     | DENSE3/intadd_698_U2         | A ^ -> S v   | ADDFX1MA10TL     | 0.153 |   8.491 |    8.690 | 
     | DENSE3/U37013                | A v -> S ^   | ADDFX1MA10TL     | 0.153 |   8.644 |    8.843 | 
     | DENSE3/intadd_119_U5         | A ^ -> S v   | ADDFX1MA10TL     | 0.145 |   8.789 |    8.988 | 
     | DENSE3/intadd_415_U3         | A v -> S ^   | ADDFX1MA10TL     | 0.185 |   8.975 |    9.173 | 
     | DENSE3/intadd_72_U4          | A ^ -> S v   | ADDFX1MA10TL     | 0.149 |   9.124 |    9.323 | 
     | DENSE3/U11993                | A v -> Y ^   | INVX0P5MA10TL    | 0.057 |   9.181 |    9.380 | 
     | DENSE3/intadd_91_U2          | B ^ -> CO ^  | ADDFX1MA10TL     | 0.079 |   9.260 |    9.459 | 
     | DENSE3/U11981                | A ^ -> Y v   | INVX0P5MA10TL    | 0.434 |   9.694 |    9.892 | 
     | DENSE3/intadd_72_U3          | A v -> CO v  | ADDFX1MA10TL     | 0.280 |   9.973 |   10.172 | 
     | DENSE3/intadd_72_U2          | CI v -> CO v | ADDFX1MA10TL     | 0.095 |  10.069 |   10.268 | 
     | DENSE3/intadd_5_U10          | A v -> CO v  | ADDFX1MA10TL     | 0.112 |  10.181 |   10.379 | 
     | DENSE3/intadd_5_U9           | CI v -> CO v | ADDFX1MA10TL     | 0.089 |  10.269 |   10.468 | 
     | DENSE3/intadd_5_U8           | CI v -> CO v | ADDFX1MA10TL     | 0.087 |  10.357 |   10.556 | 
     | DENSE3/intadd_5_U7           | CI v -> CO v | ADDFX1MA10TL     | 0.085 |  10.441 |   10.640 | 
     | DENSE3/intadd_5_U6           | CI v -> CO v | ADDFX1MA10TL     | 0.099 |  10.540 |   10.739 | 
     | DENSE3/intadd_5_U5           | CI v -> CO v | ADDFX1MA10TL     | 0.087 |  10.627 |   10.826 | 
     | DENSE3/intadd_5_U4           | CI v -> CO v | ADDFX1MA10TL     | 0.085 |  10.712 |   10.911 | 
     | DENSE3/intadd_5_U3           | CI v -> CO v | ADDFX1MA10TL     | 0.085 |  10.797 |   10.996 | 
     | DENSE3/intadd_5_U2           | CI v -> CO v | ADDFX1MA10TL     | 0.110 |  10.907 |   11.106 | 
     | U12239                       | A v -> Y ^   | INVX0P5MA10TL    | 0.326 |  11.234 |   11.433 | 
     | U12245                       | C ^ -> Y ^   | AND3X0P5MA10TL   | 0.126 |  11.360 |   11.559 | 
     | U12246                       | A ^ -> Y v   | NAND2X0P5AA10TL  | 0.080 |  11.439 |   11.638 | 
     | U12247                       | B v -> Y ^   | NOR2X0P5AA10TL   | 0.110 |  11.550 |   11.749 | 
     | U12248                       | A ^ -> Y v   | NAND2X0P5AA10TL  | 0.095 |  11.645 |   11.844 | 
     | U12249                       | B v -> Y ^   | NOR2X0P5AA10TL   | 0.124 |  11.769 |   11.968 | 
     | U12250                       | A ^ -> Y v   | NAND2X0P5AA10TL  | 0.170 |  11.939 |   12.138 | 
     | U12251                       | B v -> Y ^   | NOR2X0P5AA10TL   | 0.154 |  12.092 |   12.291 | 
     | U12252                       | A ^ -> Y v   | NAND2X0P5AA10TL  | 0.104 |  12.197 |   12.396 | 
     | U12253                       | B v -> Y ^   | NOR2X0P5AA10TL   | 0.118 |  12.315 |   12.514 | 
     | U1495                        | A ^ -> Y v   | NAND2X0P5AA10TL  | 0.102 |  12.416 |   12.615 | 
     | U12254                       | B v -> Y ^   | NOR2X0P5AA10TL   | 0.121 |  12.537 |   12.736 | 
     | U12255                       | A ^ -> Y v   | NAND2X0P5AA10TL  | 0.110 |  12.647 |   12.846 | 
     | U12256                       | B v -> Y ^   | NOR2X0P5AA10TL   | 0.190 |  12.837 |   13.036 | 
     | U12257                       | A1 ^ -> Y v  | AOI211X0P5MA10TL | 0.190 |  13.028 |   13.227 | 
     | U12259                       | A v -> Y ^   | NAND2X0P5AA10TL  | 0.067 |  13.094 |   13.293 | 
     | U12260                       | C ^ -> Y v   | NOR3X0P5AA10TL   | 0.110 |  13.204 |   13.403 | 
     | U12261                       | B v -> Y ^   | NOR2X1AA10TL     | 0.420 |  13.624 |   13.823 | 
     | FE_OFC481_ACT4_N70           | A ^ -> Y ^   | BUFX1MA10TL      | 0.508 |  14.132 |   14.331 | 
     | FE_OFC482_ACT4_N70           | A ^ -> Y v   | INVX0P6BA10TL    | 0.266 |  14.399 |   14.598 | 
     | FE_OFC483_ACT4_N70           | A v -> Y ^   | INVX7P5BA10TL    | 0.208 |  14.607 |   14.806 | 
     | FE_DBTC6_ACT4_N70            | A ^ -> Y v   | INVX4BA10TL      | 0.720 |  15.327 |   15.526 | 
     | U13382                       | B1 v -> Y ^  | AOI32X0P5MA10TL  | 0.621 |  15.948 |   16.147 | 
     | DENSE5/FE_OFC1072_act4_y_138 | A ^ -> Y v   | INVX1MA10TL      | 0.348 |  16.296 |   16.495 | 
     | DENSE5/FE_OFC1073_act4_y_138 | A v -> Y ^   | INVX7P5BA10TL    | 0.271 |  16.566 |   16.765 | 
     | DENSE5/U6                    | A ^ -> Y v   | INVX4BA10TL      | 0.939 |  17.505 |   17.704 | 
     | DENSE5/U32828                | B v -> Y ^   | NOR2X0P5AA10TL   | 0.247 |  17.753 |   17.952 | 
     | DENSE5/U32829                | A ^ -> Y v   | INVX0P5MA10TL    | 0.038 |  17.791 |   17.989 | 
     | DENSE5/U32831                | A1 v -> Y ^  | AOI32X0P5MA10TL  | 0.904 |  18.695 |   18.894 | 
     | DENSE5/U42533                | B ^ -> S v   | ADDFX1MA10TL     | 0.240 |  18.935 |   19.134 | 
     | DENSE5/U42534                | A v -> Y ^   | INVX0P5MA10TL    | 0.064 |  18.999 |   19.198 | 
     | DENSE5/U42544                | A ^ -> CO ^  | ADDFX1MA10TL     | 0.127 |  19.126 |   19.325 | 
     | DENSE5/U42545                | A ^ -> Y v   | INVX0P5MA10TL    | 0.058 |  19.185 |   19.383 | 
     | DENSE5/U42550                | B v -> CO v  | ADDFX1MA10TL     | 0.101 |  19.286 |   19.484 | 
     | DENSE5/intadd_2574_U3        | A v -> CO v  | ADDFX1MA10TL     | 0.101 |  19.386 |   19.585 | 
     | DENSE5/intadd_2574_U2        | CI v -> S v  | ADDFX1MA10TL     | 0.133 |  19.520 |   19.719 | 
     | DENSE5/U42604                | A v -> S ^   | ADDFX1MA10TL     | 0.167 |  19.687 |   19.886 | 
     | DENSE5/intadd_1397_U5        | A ^ -> S v   | ADDFX1MA10TL     | 0.135 |  19.822 |   20.021 | 
     | DENSE5/U32063                | A v -> Y ^   | INVX0P5MA10TL    | 0.054 |  19.877 |   20.075 | 
     | DENSE5/intadd_1950_U3        | A ^ -> S v   | ADDFX1MA10TL     | 0.141 |  20.017 |   20.216 | 
     | DENSE5/U32054                | A v -> Y ^   | INVX0P5MA10TL    | 0.080 |  20.097 |   20.296 | 
     | DENSE5/intadd_1592_U2        | B ^ -> S v   | ADDFX1MA10TL     | 0.153 |  20.250 |   20.449 | 
     | DENSE5/intadd_1216_U9        | B v -> CO v  | ADDFX1MA10TL     | 0.178 |  20.428 |   20.627 | 
     | DENSE5/intadd_1216_U8        | CI v -> CO v | ADDFX1MA10TL     | 0.126 |  20.555 |   20.754 | 
     | DENSE5/intadd_1216_U7        | CI v -> CO v | ADDFX1MA10TL     | 0.102 |  20.656 |   20.855 | 
     | DENSE5/intadd_1216_U6        | CI v -> CO v | ADDFX1MA10TL     | 0.113 |  20.769 |   20.968 | 
     | DENSE5/intadd_1216_U5        | CI v -> CO v | ADDFX1MA10TL     | 0.113 |  20.882 |   21.081 | 
     | DENSE5/intadd_1216_U4        | CI v -> CO v | ADDFX1MA10TL     | 0.094 |  20.975 |   21.174 | 
     | DENSE5/intadd_1216_U3        | CI v -> CO v | ADDFX1MA10TL     | 0.091 |  21.066 |   21.265 | 
     | DENSE5/intadd_1216_U2        | CI v -> CO v | ADDFX1MA10TL     | 0.076 |  21.142 |   21.341 | 
     | DENSE5/U4462                 | A v -> Y ^   | INVX0P5MA10TL    | 0.054 |  21.196 |   21.395 | 
     | DENSE5/intadd_1215_U6        | A ^ -> CO ^  | ADDFX1MA10TL     | 0.106 |  21.302 |   21.501 | 
     | DENSE5/intadd_1215_U5        | CI ^ -> CO ^ | ADDFX1MA10TL     | 0.087 |  21.389 |   21.588 | 
     | DENSE5/intadd_1215_U4        | CI ^ -> CO ^ | ADDFX1MA10TL     | 0.133 |  21.522 |   21.721 | 
     | DENSE5/intadd_1215_U3        | CI ^ -> CO ^ | ADDFX1MA10TL     | 0.111 |  21.633 |   21.832 | 
     | DENSE5/intadd_1215_U2        | CI ^ -> CO ^ | ADDFX1MA10TL     | 0.080 |  21.713 |   21.912 | 
     | DENSE5/U4273                 | A ^ -> Y v   | INVX0P5MA10TL    | 0.042 |  21.755 |   21.954 | 
     | DENSE5/intadd_1208_U7        | A v -> CO v  | ADDFX1MA10TL     | 0.097 |  21.852 |   22.051 | 
     | DENSE5/intadd_1208_U6        | CI v -> CO v | ADDFX1MA10TL     | 0.086 |  21.938 |   22.137 | 
     | DENSE5/intadd_1208_U5        | CI v -> CO v | ADDFX1MA10TL     | 0.085 |  22.023 |   22.222 | 
     | DENSE5/intadd_1208_U4        | CI v -> CO v | ADDFX1MA10TL     | 0.082 |  22.105 |   22.304 | 
     | DENSE5/intadd_1208_U3        | CI v -> CO v | ADDFX1MA10TL     | 0.083 |  22.187 |   22.386 | 
     | DENSE5/intadd_1208_U2        | CI v -> CO v | ADDFX1MA10TL     | 0.144 |  22.331 |   22.530 | 
     | U12524                       | A v -> Y ^   | INVX0P5MA10TL    | 0.223 |  22.554 |   22.753 | 
     | U12531                       | C ^ -> Y v   | NAND3X0P5MA10TL  | 0.094 |  22.649 |   22.848 | 
     | U12532                       | A v -> Y ^   | INVX0P5MA10TL    | 0.067 |  22.715 |   22.914 | 
     | U12533                       | A ^ -> Y v   | NAND2X0P5AA10TL  | 0.069 |  22.785 |   22.984 | 
     | U12534                       | B v -> Y ^   | NOR2X0P5AA10TL   | 0.105 |  22.890 |   23.089 | 
     | U12535                       | A ^ -> Y v   | NAND2X0P5AA10TL  | 0.091 |  22.981 |   23.180 | 
     | U12536                       | B v -> Y ^   | NOR2X0P5AA10TL   | 0.118 |  23.099 |   23.298 | 
     | U12537                       | A ^ -> Y v   | NAND2X0P5AA10TL  | 0.088 |  23.187 |   23.386 | 
     | U12538                       | B v -> Y ^   | NOR2X0P5AA10TL   | 0.101 |  23.289 |   23.488 | 
     | U12539                       | A ^ -> Y v   | NAND2X0P5AA10TL  | 0.085 |  23.374 |   23.573 | 
     | U12540                       | B v -> Y ^   | NOR2X0P5AA10TL   | 0.106 |  23.479 |   23.678 | 
     | U12541                       | A ^ -> Y v   | NAND2X0P5AA10TL  | 0.086 |  23.566 |   23.765 | 
     | U12542                       | B v -> Y ^   | NOR2X0P5AA10TL   | 0.101 |  23.667 |   23.866 | 
     | U12543                       | A ^ -> Y v   | NAND2X0P5AA10TL  | 0.084 |  23.750 |   23.949 | 
     | U12544                       | B v -> Y ^   | NOR2X0P5AA10TL   | 0.103 |  23.854 |   24.053 | 
     | U12545                       | A ^ -> Y v   | NAND2X0P5AA10TL  | 0.087 |  23.940 |   24.139 | 
     | U12546                       | B v -> Y ^   | NOR2X0P5AA10TL   | 0.111 |  24.051 |   24.250 | 
     | U12550                       | A0 ^ -> Y v  | AOI21X0P5MA10TL  | 0.363 |  24.413 |   24.612 | 
     | U12551                       | B1 v -> Y ^  | AOI32X0P5MA10TL  | 0.159 |  24.573 |   24.772 | 
     | FE_OFC581_act6_y_14          | A ^ -> Y ^   | BUFX1MA10TL      | 0.421 |  24.994 |   25.193 | 
     | y_reg_0__14_                 | D ^          | DFFQX0P5MA10TL   | 0.049 |  25.043 |   25.242 | 
     +---------------------------------------------------------------------------------------------+ 

